2024-02-05T16:05:05.223Z [Modules] Modules initializing
2024-02-05T16:05:05.223Z [Modules] Distribution: remote
2024-02-05T16:05:05.223Z [Modules] Host updates: enabled
2024-02-05T16:05:05.223Z [Modules] Module updates: enabled
2024-02-05T16:05:05.223Z [Modules] Module install path: /home/Frillion/.config/discord/0.0.42/modules
2024-02-05T16:05:05.224Z [Modules] Module installed file path: /home/Frillion/.config/discord/0.0.42/modules/installed.json
2024-02-05T16:05:05.224Z [Modules] Module download path: /home/Frillion/.config/discord/0.0.42/modules/pending
2024-02-05T16:05:05.450Z [Modules] Bootstrapping...
2024-02-05T16:05:05.451Z [Modules] Installing discord_desktop_core@0 from /home/Frillion/Downloads/Discord/resources/bootstrap/discord_desktop_core.zip
2024-02-05T16:05:05.456Z [Modules] Failed installing discord_desktop_core@0: Error: ENOENT: no such file or directory, open '/home/Frillion/Downloads/Discord/resources/bootstrap/discord_desktop_core.zip'
2024-02-05T16:05:05.457Z [Modules] Installing discord_erlpack@0 from /home/Frillion/Downloads/Discord/resources/bootstrap/discord_erlpack.zip
2024-02-05T16:05:05.460Z [Modules] Failed installing discord_erlpack@0: Error: ENOENT: no such file or directory, open '/home/Frillion/Downloads/Discord/resources/bootstrap/discord_erlpack.zip'
2024-02-05T16:05:05.460Z [Modules] Installing discord_spellcheck@0 from /home/Frillion/Downloads/Discord/resources/bootstrap/discord_spellcheck.zip
2024-02-05T16:05:05.462Z [Modules] Failed installing discord_spellcheck@0: Error: ENOENT: no such file or directory, open '/home/Frillion/Downloads/Discord/resources/bootstrap/discord_spellcheck.zip'
2024-02-05T16:05:05.463Z [Modules] Installing discord_utils@0 from /home/Frillion/Downloads/Discord/resources/bootstrap/discord_utils.zip
2024-02-05T16:05:05.464Z [Modules] Failed installing discord_utils@0: Error: ENOENT: no such file or directory, open '/home/Frillion/Downloads/Discord/resources/bootstrap/discord_utils.zip'
2024-02-05T16:05:05.465Z [Modules] Installing discord_voice@0 from /home/Frillion/Downloads/Discord/resources/bootstrap/discord_voice.zip
2024-02-05T16:05:05.466Z [Modules] Failed installing discord_voice@0: Error: ENOENT: no such file or directory, open '/home/Frillion/Downloads/Discord/resources/bootstrap/discord_voice.zip'
2024-02-05T16:05:05.466Z [Modules] Finished module installations. [success: 0] [failure: 5]
2024-02-05T16:05:05.466Z [Modules] Checking for host updates.
2024-02-05T16:05:05.824Z [Modules] Host is up to date.
2024-02-05T16:05:05.825Z [Modules] Checking for module updates at https://discord.com/api/modules/stable/versions.json
2024-02-05T16:05:06.181Z [Modules] Module update available: discord_desktop_core@1 [installed: 0]
2024-02-05T16:05:06.181Z [Modules] Module update available: discord_erlpack@1 [installed: 0]
2024-02-05T16:05:06.181Z [Modules] Module update available: discord_spellcheck@1 [installed: 0]
2024-02-05T16:05:06.181Z [Modules] Module update available: discord_utils@1 [installed: 0]
2024-02-05T16:05:06.181Z [Modules] Module update available: discord_voice@1 [installed: 0]
2024-02-05T16:05:06.183Z [Modules] Fetching discord_desktop_core@1 from https://discord.com/api/modules/stable/discord_desktop_core/1
2024-02-05T16:05:06.183Z [Modules] Streaming discord_desktop_core@1 to /home/Frillion/.config/discord/0.0.42/modules/pending/discord_desktop_core-1.zip
2024-02-05T16:05:06.691Z [Modules] Streaming discord_desktop_core@1 to /home/Frillion/.config/discord/0.0.42/modules/pending/discord_desktop_core-1.zip: 1%
2024-02-05T16:05:06.726Z [Modules] Streaming discord_desktop_core@1 to /home/Frillion/.config/discord/0.0.42/modules/pending/discord_desktop_core-1.zip: 2%
2024-02-05T16:05:06.766Z [Modules] Streaming discord_desktop_core@1 to /home/Frillion/.config/discord/0.0.42/modules/pending/discord_desktop_core-1.zip: 3%
2024-02-05T16:05:06.770Z [Modules] Streaming discord_desktop_core@1 to /home/Frillion/.config/discord/0.0.42/modules/pending/discord_desktop_core-1.zip: 4%
2024-02-05T16:05:06.800Z [Modules] Streaming discord_desktop_core@1 to /home/Frillion/.config/discord/0.0.42/modules/pending/discord_desktop_core-1.zip: 6%
2024-02-05T16:05:06.806Z [Modules] Streaming discord_desktop_core@1 to /home/Frillion/.config/discord/0.0.42/modules/pending/discord_desktop_core-1.zip: 7%
2024-02-05T16:05:06.809Z [Modules] Streaming discord_desktop_core@1 to /home/Frillion/.config/discord/0.0.42/modules/pending/discord_desktop_core-1.zip: 8%
2024-02-05T16:05:06.813Z [Modules] Streaming discord_desktop_core@1 to /home/Frillion/.config/discord/0.0.42/modules/pending/discord_desktop_core-1.zip: 10%
2024-02-05T16:05:06.817Z [Modules] Streaming discord_desktop_core@1 to /home/Frillion/.config/discord/0.0.42/modules/pending/discord_desktop_core-1.zip: 12%
2024-02-05T16:05:06.822Z [Modules] Streaming discord_desktop_core@1 to /home/Frillion/.config/discord/0.0.42/modules/pending/discord_desktop_core-1.zip: 13%
2024-02-05T16:05:06.828Z [Modules] Streaming discord_desktop_core@1 to /home/Frillion/.config/discord/0.0.42/modules/pending/discord_desktop_core-1.zip: 14%
2024-02-05T16:05:06.830Z [Modules] Streaming discord_desktop_core@1 to /home/Frillion/.config/discord/0.0.42/modules/pending/discord_desktop_core-1.zip: 15%
2024-02-05T16:05:06.846Z [Modules] Streaming discord_desktop_core@1 to /home/Frillion/.config/discord/0.0.42/modules/pending/discord_desktop_core-1.zip: 17%
2024-02-05T16:05:06.849Z [Modules] Streaming discord_desktop_core@1 to /home/Frillion/.config/discord/0.0.42/modules/pending/discord_desktop_core-1.zip: 18%
2024-02-05T16:05:06.854Z [Modules] Streaming discord_desktop_core@1 to /home/Frillion/.config/discord/0.0.42/modules/pending/discord_desktop_core-1.zip: 21%
2024-02-05T16:05:06.859Z [Modules] Streaming discord_desktop_core@1 to /home/Frillion/.config/discord/0.0.42/modules/pending/discord_desktop_core-1.zip: 23%
2024-02-05T16:05:06.862Z [Modules] Streaming discord_desktop_core@1 to /home/Frillion/.config/discord/0.0.42/modules/pending/discord_desktop_core-1.zip: 25%
2024-02-05T16:05:06.865Z [Modules] Streaming discord_desktop_core@1 to /home/Frillion/.config/discord/0.0.42/modules/pending/discord_desktop_core-1.zip: 26%
2024-02-05T16:05:06.868Z [Modules] Streaming discord_desktop_core@1 to /home/Frillion/.config/discord/0.0.42/modules/pending/discord_desktop_core-1.zip: 28%
2024-02-05T16:05:06.871Z [Modules] Streaming discord_desktop_core@1 to /home/Frillion/.config/discord/0.0.42/modules/pending/discord_desktop_core-1.zip: 29%
2024-02-05T16:05:06.891Z [Modules] Streaming discord_desktop_core@1 to /home/Frillion/.config/discord/0.0.42/modules/pending/discord_desktop_core-1.zip: 32%
2024-02-05T16:05:06.893Z [Modules] Streaming discord_desktop_core@1 to /home/Frillion/.config/discord/0.0.42/modules/pending/discord_desktop_core-1.zip: 33%
2024-02-05T16:05:06.898Z [Modules] Streaming discord_desktop_core@1 to /home/Frillion/.config/discord/0.0.42/modules/pending/discord_desktop_core-1.zip: 35%
2024-02-05T16:05:06.902Z [Modules] Streaming discord_desktop_core@1 to /home/Frillion/.config/discord/0.0.42/modules/pending/discord_desktop_core-1.zip: 37%
2024-02-05T16:05:06.906Z [Modules] Streaming discord_desktop_core@1 to /home/Frillion/.config/discord/0.0.42/modules/pending/discord_desktop_core-1.zip: 39%
2024-02-05T16:05:06.909Z [Modules] Streaming discord_desktop_core@1 to /home/Frillion/.config/discord/0.0.42/modules/pending/discord_desktop_core-1.zip: 42%
2024-02-05T16:05:06.913Z [Modules] Streaming discord_desktop_core@1 to /home/Frillion/.config/discord/0.0.42/modules/pending/discord_desktop_core-1.zip: 44%
2024-02-05T16:05:06.917Z [Modules] Streaming discord_desktop_core@1 to /home/Frillion/.config/discord/0.0.42/modules/pending/discord_desktop_core-1.zip: 47%
2024-02-05T16:05:06.920Z [Modules] Streaming discord_desktop_core@1 to /home/Frillion/.config/discord/0.0.42/modules/pending/discord_desktop_core-1.zip: 48%
2024-02-05T16:05:06.925Z [Modules] Streaming discord_desktop_core@1 to /home/Frillion/.config/discord/0.0.42/modules/pending/discord_desktop_core-1.zip: 49%
2024-02-05T16:05:06.930Z [Modules] Streaming discord_desktop_core@1 to /home/Frillion/.config/discord/0.0.42/modules/pending/discord_desktop_core-1.zip: 52%
2024-02-05T16:05:06.933Z [Modules] Streaming discord_desktop_core@1 to /home/Frillion/.config/discord/0.0.42/modules/pending/discord_desktop_core-1.zip: 54%
2024-02-05T16:05:06.936Z [Modules] Streaming discord_desktop_core@1 to /home/Frillion/.config/discord/0.0.42/modules/pending/discord_desktop_core-1.zip: 55%
2024-02-05T16:05:06.940Z [Modules] Streaming discord_desktop_core@1 to /home/Frillion/.config/discord/0.0.42/modules/pending/discord_desktop_core-1.zip: 56%
2024-02-05T16:05:06.942Z [Modules] Streaming discord_desktop_core@1 to /home/Frillion/.config/discord/0.0.42/modules/pending/discord_desktop_core-1.zip: 59%
2024-02-05T16:05:06.945Z [Modules] Streaming discord_desktop_core@1 to /home/Frillion/.config/discord/0.0.42/modules/pending/discord_desktop_core-1.zip: 61%
2024-02-05T16:05:06.952Z [Modules] Streaming discord_desktop_core@1 to /home/Frillion/.config/discord/0.0.42/modules/pending/discord_desktop_core-1.zip: 63%
2024-02-05T16:05:06.956Z [Modules] Streaming discord_desktop_core@1 to /home/Frillion/.config/discord/0.0.42/modules/pending/discord_desktop_core-1.zip: 65%
2024-02-05T16:05:06.959Z [Modules] Streaming discord_desktop_core@1 to /home/Frillion/.config/discord/0.0.42/modules/pending/discord_desktop_core-1.zip: 68%
2024-02-05T16:05:06.963Z [Modules] Streaming discord_desktop_core@1 to /home/Frillion/.config/discord/0.0.42/modules/pending/discord_desktop_core-1.zip: 70%
2024-02-05T16:05:06.967Z [Modules] Streaming discord_desktop_core@1 to /home/Frillion/.config/discord/0.0.42/modules/pending/discord_desktop_core-1.zip: 72%
2024-02-05T16:05:06.973Z [Modules] Streaming discord_desktop_core@1 to /home/Frillion/.config/discord/0.0.42/modules/pending/discord_desktop_core-1.zip: 74%
2024-02-05T16:05:06.976Z [Modules] Streaming discord_desktop_core@1 to /home/Frillion/.config/discord/0.0.42/modules/pending/discord_desktop_core-1.zip: 77%
2024-02-05T16:05:06.985Z [Modules] Streaming discord_desktop_core@1 to /home/Frillion/.config/discord/0.0.42/modules/pending/discord_desktop_core-1.zip: 79%
2024-02-05T16:05:06.987Z [Modules] Streaming discord_desktop_core@1 to /home/Frillion/.config/discord/0.0.42/modules/pending/discord_desktop_core-1.zip: 80%
2024-02-05T16:05:06.990Z [Modules] Streaming discord_desktop_core@1 to /home/Frillion/.config/discord/0.0.42/modules/pending/discord_desktop_core-1.zip: 82%
2024-02-05T16:05:06.991Z [Modules] Streaming discord_desktop_core@1 to /home/Frillion/.config/discord/0.0.42/modules/pending/discord_desktop_core-1.zip: 83%
2024-02-05T16:05:06.997Z [Modules] Streaming discord_desktop_core@1 to /home/Frillion/.config/discord/0.0.42/modules/pending/discord_desktop_core-1.zip: 84%
2024-02-05T16:05:07.000Z [Modules] Streaming discord_desktop_core@1 to /home/Frillion/.config/discord/0.0.42/modules/pending/discord_desktop_core-1.zip: 85%
2024-02-05T16:05:07.005Z [Modules] Streaming discord_desktop_core@1 to /home/Frillion/.config/discord/0.0.42/modules/pending/discord_desktop_core-1.zip: 86%
2024-02-05T16:05:07.008Z [Modules] Streaming discord_desktop_core@1 to /home/Frillion/.config/discord/0.0.42/modules/pending/discord_desktop_core-1.zip: 88%
2024-02-05T16:05:07.013Z [Modules] Streaming discord_desktop_core@1 to /home/Frillion/.config/discord/0.0.42/modules/pending/discord_desktop_core-1.zip: 90%
2024-02-05T16:05:07.015Z [Modules] Streaming discord_desktop_core@1 to /home/Frillion/.config/discord/0.0.42/modules/pending/discord_desktop_core-1.zip: 91%
2024-02-05T16:05:07.019Z [Modules] Streaming discord_desktop_core@1 to /home/Frillion/.config/discord/0.0.42/modules/pending/discord_desktop_core-1.zip: 93%
2024-02-05T16:05:07.022Z [Modules] Streaming discord_desktop_core@1 to /home/Frillion/.config/discord/0.0.42/modules/pending/discord_desktop_core-1.zip: 95%
2024-02-05T16:05:07.025Z [Modules] Streaming discord_desktop_core@1 to /home/Frillion/.config/discord/0.0.42/modules/pending/discord_desktop_core-1.zip: 97%
2024-02-05T16:05:07.028Z [Modules] Streaming discord_desktop_core@1 to /home/Frillion/.config/discord/0.0.42/modules/pending/discord_desktop_core-1.zip: 100%
2024-02-05T16:05:07.032Z [Modules] Fetching discord_erlpack@1 from https://discord.com/api/modules/stable/discord_erlpack/1
2024-02-05T16:05:07.032Z [Modules] Streaming discord_erlpack@1 to /home/Frillion/.config/discord/0.0.42/modules/pending/discord_erlpack-1.zip
2024-02-05T16:05:07.510Z [Modules] Streaming discord_erlpack@1 to /home/Frillion/.config/discord/0.0.42/modules/pending/discord_erlpack-1.zip: 2%
2024-02-05T16:05:07.513Z [Modules] Streaming discord_erlpack@1 to /home/Frillion/.config/discord/0.0.42/modules/pending/discord_erlpack-1.zip: 4%
2024-02-05T16:05:07.516Z [Modules] Streaming discord_erlpack@1 to /home/Frillion/.config/discord/0.0.42/modules/pending/discord_erlpack-1.zip: 5%
2024-02-05T16:05:07.523Z [Modules] Streaming discord_erlpack@1 to /home/Frillion/.config/discord/0.0.42/modules/pending/discord_erlpack-1.zip: 8%
2024-02-05T16:05:07.525Z [Modules] Streaming discord_erlpack@1 to /home/Frillion/.config/discord/0.0.42/modules/pending/discord_erlpack-1.zip: 9%
2024-02-05T16:05:07.527Z [Modules] Streaming discord_erlpack@1 to /home/Frillion/.config/discord/0.0.42/modules/pending/discord_erlpack-1.zip: 11%
2024-02-05T16:05:07.530Z [Modules] Streaming discord_erlpack@1 to /home/Frillion/.config/discord/0.0.42/modules/pending/discord_erlpack-1.zip: 13%
2024-02-05T16:05:07.533Z [Modules] Streaming discord_erlpack@1 to /home/Frillion/.config/discord/0.0.42/modules/pending/discord_erlpack-1.zip: 16%
2024-02-05T16:05:07.539Z [Modules] Streaming discord_erlpack@1 to /home/Frillion/.config/discord/0.0.42/modules/pending/discord_erlpack-1.zip: 19%
2024-02-05T16:05:07.543Z [Modules] Streaming discord_erlpack@1 to /home/Frillion/.config/discord/0.0.42/modules/pending/discord_erlpack-1.zip: 22%
2024-02-05T16:05:07.547Z [Modules] Streaming discord_erlpack@1 to /home/Frillion/.config/discord/0.0.42/modules/pending/discord_erlpack-1.zip: 24%
2024-02-05T16:05:07.550Z [Modules] Streaming discord_erlpack@1 to /home/Frillion/.config/discord/0.0.42/modules/pending/discord_erlpack-1.zip: 27%
2024-02-05T16:05:07.554Z [Modules] Streaming discord_erlpack@1 to /home/Frillion/.config/discord/0.0.42/modules/pending/discord_erlpack-1.zip: 29%
2024-02-05T16:05:07.558Z [Modules] Streaming discord_erlpack@1 to /home/Frillion/.config/discord/0.0.42/modules/pending/discord_erlpack-1.zip: 32%
2024-02-05T16:05:07.561Z [Modules] Streaming discord_erlpack@1 to /home/Frillion/.config/discord/0.0.42/modules/pending/discord_erlpack-1.zip: 33%
2024-02-05T16:05:07.564Z [Modules] Streaming discord_erlpack@1 to /home/Frillion/.config/discord/0.0.42/modules/pending/discord_erlpack-1.zip: 35%
2024-02-05T16:05:07.569Z [Modules] Streaming discord_erlpack@1 to /home/Frillion/.config/discord/0.0.42/modules/pending/discord_erlpack-1.zip: 38%
2024-02-05T16:05:07.573Z [Modules] Streaming discord_erlpack@1 to /home/Frillion/.config/discord/0.0.42/modules/pending/discord_erlpack-1.zip: 41%
2024-02-05T16:05:07.577Z [Modules] Streaming discord_erlpack@1 to /home/Frillion/.config/discord/0.0.42/modules/pending/discord_erlpack-1.zip: 42%
2024-02-05T16:05:07.582Z [Modules] Streaming discord_erlpack@1 to /home/Frillion/.config/discord/0.0.42/modules/pending/discord_erlpack-1.zip: 45%
2024-02-05T16:05:07.585Z [Modules] Streaming discord_erlpack@1 to /home/Frillion/.config/discord/0.0.42/modules/pending/discord_erlpack-1.zip: 47%
2024-02-05T16:05:07.589Z [Modules] Streaming discord_erlpack@1 to /home/Frillion/.config/discord/0.0.42/modules/pending/discord_erlpack-1.zip: 50%
2024-02-05T16:05:07.591Z [Modules] Streaming discord_erlpack@1 to /home/Frillion/.config/discord/0.0.42/modules/pending/discord_erlpack-1.zip: 53%
2024-02-05T16:05:07.596Z [Modules] Streaming discord_erlpack@1 to /home/Frillion/.config/discord/0.0.42/modules/pending/discord_erlpack-1.zip: 56%
2024-02-05T16:05:07.600Z [Modules] Streaming discord_erlpack@1 to /home/Frillion/.config/discord/0.0.42/modules/pending/discord_erlpack-1.zip: 57%
2024-02-05T16:05:07.602Z [Modules] Streaming discord_erlpack@1 to /home/Frillion/.config/discord/0.0.42/modules/pending/discord_erlpack-1.zip: 60%
2024-02-05T16:05:07.606Z [Modules] Streaming discord_erlpack@1 to /home/Frillion/.config/discord/0.0.42/modules/pending/discord_erlpack-1.zip: 62%
2024-02-05T16:05:07.612Z [Modules] Streaming discord_erlpack@1 to /home/Frillion/.config/discord/0.0.42/modules/pending/discord_erlpack-1.zip: 65%
2024-02-05T16:05:07.615Z [Modules] Streaming discord_erlpack@1 to /home/Frillion/.config/discord/0.0.42/modules/pending/discord_erlpack-1.zip: 68%
2024-02-05T16:05:07.621Z [Modules] Streaming discord_erlpack@1 to /home/Frillion/.config/discord/0.0.42/modules/pending/discord_erlpack-1.zip: 70%
2024-02-05T16:05:07.624Z [Modules] Streaming discord_erlpack@1 to /home/Frillion/.config/discord/0.0.42/modules/pending/discord_erlpack-1.zip: 73%
2024-02-05T16:05:07.628Z [Modules] Streaming discord_erlpack@1 to /home/Frillion/.config/discord/0.0.42/modules/pending/discord_erlpack-1.zip: 75%
2024-02-05T16:05:07.631Z [Modules] Streaming discord_erlpack@1 to /home/Frillion/.config/discord/0.0.42/modules/pending/discord_erlpack-1.zip: 78%
2024-02-05T16:05:07.635Z [Modules] Streaming discord_erlpack@1 to /home/Frillion/.config/discord/0.0.42/modules/pending/discord_erlpack-1.zip: 80%
2024-02-05T16:05:07.639Z [Modules] Streaming discord_erlpack@1 to /home/Frillion/.config/discord/0.0.42/modules/pending/discord_erlpack-1.zip: 81%
2024-02-05T16:05:07.642Z [Modules] Streaming discord_erlpack@1 to /home/Frillion/.config/discord/0.0.42/modules/pending/discord_erlpack-1.zip: 84%
2024-02-05T16:05:07.644Z [Modules] Streaming discord_erlpack@1 to /home/Frillion/.config/discord/0.0.42/modules/pending/discord_erlpack-1.zip: 87%
2024-02-05T16:05:07.648Z [Modules] Streaming discord_erlpack@1 to /home/Frillion/.config/discord/0.0.42/modules/pending/discord_erlpack-1.zip: 90%
2024-02-05T16:05:07.652Z [Modules] Streaming discord_erlpack@1 to /home/Frillion/.config/discord/0.0.42/modules/pending/discord_erlpack-1.zip: 92%
2024-02-05T16:05:07.656Z [Modules] Streaming discord_erlpack@1 to /home/Frillion/.config/discord/0.0.42/modules/pending/discord_erlpack-1.zip: 95%
2024-02-05T16:05:07.660Z [Modules] Streaming discord_erlpack@1 to /home/Frillion/.config/discord/0.0.42/modules/pending/discord_erlpack-1.zip: 98%
2024-02-05T16:05:07.662Z [Modules] Streaming discord_erlpack@1 to /home/Frillion/.config/discord/0.0.42/modules/pending/discord_erlpack-1.zip: 100%
2024-02-05T16:05:07.664Z [Modules] Fetching discord_spellcheck@1 from https://discord.com/api/modules/stable/discord_spellcheck/1
2024-02-05T16:05:07.664Z [Modules] Streaming discord_spellcheck@1 to /home/Frillion/.config/discord/0.0.42/modules/pending/discord_spellcheck-1.zip
2024-02-05T16:05:08.137Z [Modules] Streaming discord_spellcheck@1 to /home/Frillion/.config/discord/0.0.42/modules/pending/discord_spellcheck-1.zip: 1%
2024-02-05T16:05:08.145Z [Modules] Streaming discord_spellcheck@1 to /home/Frillion/.config/discord/0.0.42/modules/pending/discord_spellcheck-1.zip: 2%
2024-02-05T16:05:08.159Z [Modules] Streaming discord_spellcheck@1 to /home/Frillion/.config/discord/0.0.42/modules/pending/discord_spellcheck-1.zip: 3%
2024-02-05T16:05:08.162Z [Modules] Streaming discord_spellcheck@1 to /home/Frillion/.config/discord/0.0.42/modules/pending/discord_spellcheck-1.zip: 4%
2024-02-05T16:05:08.170Z [Modules] Streaming discord_spellcheck@1 to /home/Frillion/.config/discord/0.0.42/modules/pending/discord_spellcheck-1.zip: 5%
2024-02-05T16:05:08.178Z [Modules] Streaming discord_spellcheck@1 to /home/Frillion/.config/discord/0.0.42/modules/pending/discord_spellcheck-1.zip: 6%
2024-02-05T16:05:08.185Z [Modules] Streaming discord_spellcheck@1 to /home/Frillion/.config/discord/0.0.42/modules/pending/discord_spellcheck-1.zip: 7%
2024-02-05T16:05:08.199Z [Modules] Streaming discord_spellcheck@1 to /home/Frillion/.config/discord/0.0.42/modules/pending/discord_spellcheck-1.zip: 8%
2024-02-05T16:05:08.206Z [Modules] Streaming discord_spellcheck@1 to /home/Frillion/.config/discord/0.0.42/modules/pending/discord_spellcheck-1.zip: 9%
2024-02-05T16:05:08.213Z [Modules] Streaming discord_spellcheck@1 to /home/Frillion/.config/discord/0.0.42/modules/pending/discord_spellcheck-1.zip: 10%
2024-02-05T16:05:08.219Z [Modules] Streaming discord_spellcheck@1 to /home/Frillion/.config/discord/0.0.42/modules/pending/discord_spellcheck-1.zip: 11%
2024-02-05T16:05:08.234Z [Modules] Streaming discord_spellcheck@1 to /home/Frillion/.config/discord/0.0.42/modules/pending/discord_spellcheck-1.zip: 12%
2024-02-05T16:05:08.242Z [Modules] Streaming discord_spellcheck@1 to /home/Frillion/.config/discord/0.0.42/modules/pending/discord_spellcheck-1.zip: 13%
2024-02-05T16:05:08.249Z [Modules] Streaming discord_spellcheck@1 to /home/Frillion/.config/discord/0.0.42/modules/pending/discord_spellcheck-1.zip: 14%
2024-02-05T16:05:08.256Z [Modules] Streaming discord_spellcheck@1 to /home/Frillion/.config/discord/0.0.42/modules/pending/discord_spellcheck-1.zip: 15%
2024-02-05T16:05:08.265Z [Modules] Streaming discord_spellcheck@1 to /home/Frillion/.config/discord/0.0.42/modules/pending/discord_spellcheck-1.zip: 16%
2024-02-05T16:05:08.272Z [Modules] Streaming discord_spellcheck@1 to /home/Frillion/.config/discord/0.0.42/modules/pending/discord_spellcheck-1.zip: 17%
2024-02-05T16:05:08.283Z [Modules] Streaming discord_spellcheck@1 to /home/Frillion/.config/discord/0.0.42/modules/pending/discord_spellcheck-1.zip: 18%
2024-02-05T16:05:08.291Z [Modules] Streaming discord_spellcheck@1 to /home/Frillion/.config/discord/0.0.42/modules/pending/discord_spellcheck-1.zip: 19%
2024-02-05T16:05:08.294Z [Modules] Streaming discord_spellcheck@1 to /home/Frillion/.config/discord/0.0.42/modules/pending/discord_spellcheck-1.zip: 20%
2024-02-05T16:05:08.302Z [Modules] Streaming discord_spellcheck@1 to /home/Frillion/.config/discord/0.0.42/modules/pending/discord_spellcheck-1.zip: 21%
2024-02-05T16:05:08.313Z [Modules] Streaming discord_spellcheck@1 to /home/Frillion/.config/discord/0.0.42/modules/pending/discord_spellcheck-1.zip: 22%
2024-02-05T16:05:08.322Z [Modules] Streaming discord_spellcheck@1 to /home/Frillion/.config/discord/0.0.42/modules/pending/discord_spellcheck-1.zip: 23%
2024-02-05T16:05:08.333Z [Modules] Streaming discord_spellcheck@1 to /home/Frillion/.config/discord/0.0.42/modules/pending/discord_spellcheck-1.zip: 24%
2024-02-05T16:05:08.337Z [Modules] Streaming discord_spellcheck@1 to /home/Frillion/.config/discord/0.0.42/modules/pending/discord_spellcheck-1.zip: 25%
2024-02-05T16:05:08.344Z [Modules] Streaming discord_spellcheck@1 to /home/Frillion/.config/discord/0.0.42/modules/pending/discord_spellcheck-1.zip: 26%
2024-02-05T16:05:08.350Z [Modules] Streaming discord_spellcheck@1 to /home/Frillion/.config/discord/0.0.42/modules/pending/discord_spellcheck-1.zip: 27%
2024-02-05T16:05:08.357Z [Modules] Streaming discord_spellcheck@1 to /home/Frillion/.config/discord/0.0.42/modules/pending/discord_spellcheck-1.zip: 28%
2024-02-05T16:05:08.367Z [Modules] Streaming discord_spellcheck@1 to /home/Frillion/.config/discord/0.0.42/modules/pending/discord_spellcheck-1.zip: 29%
2024-02-05T16:05:08.390Z [Modules] Streaming discord_spellcheck@1 to /home/Frillion/.config/discord/0.0.42/modules/pending/discord_spellcheck-1.zip: 30%
2024-02-05T16:05:08.397Z [Modules] Streaming discord_spellcheck@1 to /home/Frillion/.config/discord/0.0.42/modules/pending/discord_spellcheck-1.zip: 31%
2024-02-05T16:05:08.404Z [Modules] Streaming discord_spellcheck@1 to /home/Frillion/.config/discord/0.0.42/modules/pending/discord_spellcheck-1.zip: 32%
2024-02-05T16:05:08.411Z [Modules] Streaming discord_spellcheck@1 to /home/Frillion/.config/discord/0.0.42/modules/pending/discord_spellcheck-1.zip: 33%
2024-02-05T16:05:08.418Z [Modules] Streaming discord_spellcheck@1 to /home/Frillion/.config/discord/0.0.42/modules/pending/discord_spellcheck-1.zip: 34%
2024-02-05T16:05:08.426Z [Modules] Streaming discord_spellcheck@1 to /home/Frillion/.config/discord/0.0.42/modules/pending/discord_spellcheck-1.zip: 35%
2024-02-05T16:05:08.436Z [Modules] Streaming discord_spellcheck@1 to /home/Frillion/.config/discord/0.0.42/modules/pending/discord_spellcheck-1.zip: 36%
2024-02-05T16:05:08.443Z [Modules] Streaming discord_spellcheck@1 to /home/Frillion/.config/discord/0.0.42/modules/pending/discord_spellcheck-1.zip: 37%
2024-02-05T16:05:08.449Z [Modules] Streaming discord_spellcheck@1 to /home/Frillion/.config/discord/0.0.42/modules/pending/discord_spellcheck-1.zip: 38%
2024-02-05T16:05:08.458Z [Modules] Streaming discord_spellcheck@1 to /home/Frillion/.config/discord/0.0.42/modules/pending/discord_spellcheck-1.zip: 39%
2024-02-05T16:05:08.465Z [Modules] Streaming discord_spellcheck@1 to /home/Frillion/.config/discord/0.0.42/modules/pending/discord_spellcheck-1.zip: 40%
2024-02-05T16:05:08.474Z [Modules] Streaming discord_spellcheck@1 to /home/Frillion/.config/discord/0.0.42/modules/pending/discord_spellcheck-1.zip: 41%
2024-02-05T16:05:08.492Z [Modules] Streaming discord_spellcheck@1 to /home/Frillion/.config/discord/0.0.42/modules/pending/discord_spellcheck-1.zip: 42%
2024-02-05T16:05:08.509Z [Modules] Streaming discord_spellcheck@1 to /home/Frillion/.config/discord/0.0.42/modules/pending/discord_spellcheck-1.zip: 43%
2024-02-05T16:05:08.518Z [Modules] Streaming discord_spellcheck@1 to /home/Frillion/.config/discord/0.0.42/modules/pending/discord_spellcheck-1.zip: 44%
2024-02-05T16:05:08.534Z [Modules] Streaming discord_spellcheck@1 to /home/Frillion/.config/discord/0.0.42/modules/pending/discord_spellcheck-1.zip: 45%
2024-02-05T16:05:08.543Z [Modules] Streaming discord_spellcheck@1 to /home/Frillion/.config/discord/0.0.42/modules/pending/discord_spellcheck-1.zip: 46%
2024-02-05T16:05:08.551Z [Modules] Streaming discord_spellcheck@1 to /home/Frillion/.config/discord/0.0.42/modules/pending/discord_spellcheck-1.zip: 47%
2024-02-05T16:05:08.559Z [Modules] Streaming discord_spellcheck@1 to /home/Frillion/.config/discord/0.0.42/modules/pending/discord_spellcheck-1.zip: 48%
2024-02-05T16:05:08.571Z [Modules] Streaming discord_spellcheck@1 to /home/Frillion/.config/discord/0.0.42/modules/pending/discord_spellcheck-1.zip: 49%
2024-02-05T16:05:08.578Z [Modules] Streaming discord_spellcheck@1 to /home/Frillion/.config/discord/0.0.42/modules/pending/discord_spellcheck-1.zip: 50%
2024-02-05T16:05:08.585Z [Modules] Streaming discord_spellcheck@1 to /home/Frillion/.config/discord/0.0.42/modules/pending/discord_spellcheck-1.zip: 51%
2024-02-05T16:05:08.593Z [Modules] Streaming discord_spellcheck@1 to /home/Frillion/.config/discord/0.0.42/modules/pending/discord_spellcheck-1.zip: 52%
2024-02-05T16:05:08.600Z [Modules] Streaming discord_spellcheck@1 to /home/Frillion/.config/discord/0.0.42/modules/pending/discord_spellcheck-1.zip: 53%
2024-02-05T16:05:08.611Z [Modules] Streaming discord_spellcheck@1 to /home/Frillion/.config/discord/0.0.42/modules/pending/discord_spellcheck-1.zip: 54%
2024-02-05T16:05:08.617Z [Modules] Streaming discord_spellcheck@1 to /home/Frillion/.config/discord/0.0.42/modules/pending/discord_spellcheck-1.zip: 55%
2024-02-05T16:05:08.624Z [Modules] Streaming discord_spellcheck@1 to /home/Frillion/.config/discord/0.0.42/modules/pending/discord_spellcheck-1.zip: 56%
2024-02-05T16:05:08.633Z [Modules] Streaming discord_spellcheck@1 to /home/Frillion/.config/discord/0.0.42/modules/pending/discord_spellcheck-1.zip: 57%
2024-02-05T16:05:08.643Z [Modules] Streaming discord_spellcheck@1 to /home/Frillion/.config/discord/0.0.42/modules/pending/discord_spellcheck-1.zip: 58%
2024-02-05T16:05:08.650Z [Modules] Streaming discord_spellcheck@1 to /home/Frillion/.config/discord/0.0.42/modules/pending/discord_spellcheck-1.zip: 59%
2024-02-05T16:05:08.657Z [Modules] Streaming discord_spellcheck@1 to /home/Frillion/.config/discord/0.0.42/modules/pending/discord_spellcheck-1.zip: 60%
2024-02-05T16:05:08.661Z [Modules] Streaming discord_spellcheck@1 to /home/Frillion/.config/discord/0.0.42/modules/pending/discord_spellcheck-1.zip: 61%
2024-02-05T16:05:08.671Z [Modules] Streaming discord_spellcheck@1 to /home/Frillion/.config/discord/0.0.42/modules/pending/discord_spellcheck-1.zip: 62%
2024-02-05T16:05:08.694Z [Modules] Streaming discord_spellcheck@1 to /home/Frillion/.config/discord/0.0.42/modules/pending/discord_spellcheck-1.zip: 63%
2024-02-05T16:05:08.696Z [Modules] Streaming discord_spellcheck@1 to /home/Frillion/.config/discord/0.0.42/modules/pending/discord_spellcheck-1.zip: 64%
2024-02-05T16:05:08.703Z [Modules] Streaming discord_spellcheck@1 to /home/Frillion/.config/discord/0.0.42/modules/pending/discord_spellcheck-1.zip: 65%
2024-02-05T16:05:08.710Z [Modules] Streaming discord_spellcheck@1 to /home/Frillion/.config/discord/0.0.42/modules/pending/discord_spellcheck-1.zip: 66%
2024-02-05T16:05:08.723Z [Modules] Streaming discord_spellcheck@1 to /home/Frillion/.config/discord/0.0.42/modules/pending/discord_spellcheck-1.zip: 67%
2024-02-05T16:05:08.733Z [Modules] Streaming discord_spellcheck@1 to /home/Frillion/.config/discord/0.0.42/modules/pending/discord_spellcheck-1.zip: 68%
2024-02-05T16:05:08.745Z [Modules] Streaming discord_spellcheck@1 to /home/Frillion/.config/discord/0.0.42/modules/pending/discord_spellcheck-1.zip: 69%
2024-02-05T16:05:08.753Z [Modules] Streaming discord_spellcheck@1 to /home/Frillion/.config/discord/0.0.42/modules/pending/discord_spellcheck-1.zip: 70%
2024-02-05T16:05:08.760Z [Modules] Streaming discord_spellcheck@1 to /home/Frillion/.config/discord/0.0.42/modules/pending/discord_spellcheck-1.zip: 71%
2024-02-05T16:05:08.815Z [Modules] Streaming discord_spellcheck@1 to /home/Frillion/.config/discord/0.0.42/modules/pending/discord_spellcheck-1.zip: 72%
2024-02-05T16:05:08.823Z [Modules] Streaming discord_spellcheck@1 to /home/Frillion/.config/discord/0.0.42/modules/pending/discord_spellcheck-1.zip: 73%
2024-02-05T16:05:08.830Z [Modules] Streaming discord_spellcheck@1 to /home/Frillion/.config/discord/0.0.42/modules/pending/discord_spellcheck-1.zip: 74%
2024-02-05T16:05:08.840Z [Modules] Streaming discord_spellcheck@1 to /home/Frillion/.config/discord/0.0.42/modules/pending/discord_spellcheck-1.zip: 75%
2024-02-05T16:05:08.849Z [Modules] Streaming discord_spellcheck@1 to /home/Frillion/.config/discord/0.0.42/modules/pending/discord_spellcheck-1.zip: 76%
2024-02-05T16:05:08.860Z [Modules] Streaming discord_spellcheck@1 to /home/Frillion/.config/discord/0.0.42/modules/pending/discord_spellcheck-1.zip: 77%
2024-02-05T16:05:08.870Z [Modules] Streaming discord_spellcheck@1 to /home/Frillion/.config/discord/0.0.42/modules/pending/discord_spellcheck-1.zip: 78%
2024-02-05T16:05:08.882Z [Modules] Streaming discord_spellcheck@1 to /home/Frillion/.config/discord/0.0.42/modules/pending/discord_spellcheck-1.zip: 79%
2024-02-05T16:05:08.889Z [Modules] Streaming discord_spellcheck@1 to /home/Frillion/.config/discord/0.0.42/modules/pending/discord_spellcheck-1.zip: 80%
2024-02-05T16:05:08.896Z [Modules] Streaming discord_spellcheck@1 to /home/Frillion/.config/discord/0.0.42/modules/pending/discord_spellcheck-1.zip: 81%
2024-02-05T16:05:08.905Z [Modules] Streaming discord_spellcheck@1 to /home/Frillion/.config/discord/0.0.42/modules/pending/discord_spellcheck-1.zip: 82%
2024-02-05T16:05:08.913Z [Modules] Streaming discord_spellcheck@1 to /home/Frillion/.config/discord/0.0.42/modules/pending/discord_spellcheck-1.zip: 83%
2024-02-05T16:05:08.920Z [Modules] Streaming discord_spellcheck@1 to /home/Frillion/.config/discord/0.0.42/modules/pending/discord_spellcheck-1.zip: 84%
2024-02-05T16:05:08.928Z [Modules] Streaming discord_spellcheck@1 to /home/Frillion/.config/discord/0.0.42/modules/pending/discord_spellcheck-1.zip: 85%
2024-02-05T16:05:08.936Z [Modules] Streaming discord_spellcheck@1 to /home/Frillion/.config/discord/0.0.42/modules/pending/discord_spellcheck-1.zip: 86%
2024-02-05T16:05:08.945Z [Modules] Streaming discord_spellcheck@1 to /home/Frillion/.config/discord/0.0.42/modules/pending/discord_spellcheck-1.zip: 87%
2024-02-05T16:05:08.953Z [Modules] Streaming discord_spellcheck@1 to /home/Frillion/.config/discord/0.0.42/modules/pending/discord_spellcheck-1.zip: 88%
2024-02-05T16:05:08.959Z [Modules] Streaming discord_spellcheck@1 to /home/Frillion/.config/discord/0.0.42/modules/pending/discord_spellcheck-1.zip: 89%
2024-02-05T16:05:08.972Z [Modules] Streaming discord_spellcheck@1 to /home/Frillion/.config/discord/0.0.42/modules/pending/discord_spellcheck-1.zip: 90%
2024-02-05T16:05:08.991Z [Modules] Streaming discord_spellcheck@1 to /home/Frillion/.config/discord/0.0.42/modules/pending/discord_spellcheck-1.zip: 91%
2024-02-05T16:05:09.000Z [Modules] Streaming discord_spellcheck@1 to /home/Frillion/.config/discord/0.0.42/modules/pending/discord_spellcheck-1.zip: 92%
2024-02-05T16:05:09.006Z [Modules] Streaming discord_spellcheck@1 to /home/Frillion/.config/discord/0.0.42/modules/pending/discord_spellcheck-1.zip: 93%
2024-02-05T16:05:09.013Z [Modules] Streaming discord_spellcheck@1 to /home/Frillion/.config/discord/0.0.42/modules/pending/discord_spellcheck-1.zip: 94%
2024-02-05T16:05:09.024Z [Modules] Streaming discord_spellcheck@1 to /home/Frillion/.config/discord/0.0.42/modules/pending/discord_spellcheck-1.zip: 95%
2024-02-05T16:05:09.036Z [Modules] Streaming discord_spellcheck@1 to /home/Frillion/.config/discord/0.0.42/modules/pending/discord_spellcheck-1.zip: 96%
2024-02-05T16:05:09.046Z [Modules] Streaming discord_spellcheck@1 to /home/Frillion/.config/discord/0.0.42/modules/pending/discord_spellcheck-1.zip: 97%
2024-02-05T16:05:09.053Z [Modules] Streaming discord_spellcheck@1 to /home/Frillion/.config/discord/0.0.42/modules/pending/discord_spellcheck-1.zip: 98%
2024-02-05T16:05:09.065Z [Modules] Streaming discord_spellcheck@1 to /home/Frillion/.config/discord/0.0.42/modules/pending/discord_spellcheck-1.zip: 99%
2024-02-05T16:05:09.070Z [Modules] Streaming discord_spellcheck@1 to /home/Frillion/.config/discord/0.0.42/modules/pending/discord_spellcheck-1.zip: 100%
2024-02-05T16:05:09.072Z [Modules] Fetching discord_utils@1 from https://discord.com/api/modules/stable/discord_utils/1
2024-02-05T16:05:09.073Z [Modules] Streaming discord_utils@1 to /home/Frillion/.config/discord/0.0.42/modules/pending/discord_utils-1.zip
2024-02-05T16:05:10.061Z [Modules] Streaming discord_utils@1 to /home/Frillion/.config/discord/0.0.42/modules/pending/discord_utils-1.zip: 2%
2024-02-05T16:05:10.063Z [Modules] Streaming discord_utils@1 to /home/Frillion/.config/discord/0.0.42/modules/pending/discord_utils-1.zip: 8%
2024-02-05T16:05:10.064Z [Modules] Streaming discord_utils@1 to /home/Frillion/.config/discord/0.0.42/modules/pending/discord_utils-1.zip: 17%
2024-02-05T16:05:10.065Z [Modules] Streaming discord_utils@1 to /home/Frillion/.config/discord/0.0.42/modules/pending/discord_utils-1.zip: 27%
2024-02-05T16:05:10.066Z [Modules] Streaming discord_utils@1 to /home/Frillion/.config/discord/0.0.42/modules/pending/discord_utils-1.zip: 38%
2024-02-05T16:05:10.070Z [Modules] Streaming discord_utils@1 to /home/Frillion/.config/discord/0.0.42/modules/pending/discord_utils-1.zip: 40%
2024-02-05T16:05:10.074Z [Modules] Streaming discord_utils@1 to /home/Frillion/.config/discord/0.0.42/modules/pending/discord_utils-1.zip: 42%
2024-02-05T16:05:10.083Z [Modules] Streaming discord_utils@1 to /home/Frillion/.config/discord/0.0.42/modules/pending/discord_utils-1.zip: 44%
2024-02-05T16:05:10.085Z [Modules] Streaming discord_utils@1 to /home/Frillion/.config/discord/0.0.42/modules/pending/discord_utils-1.zip: 45%
2024-02-05T16:05:10.105Z [Modules] Streaming discord_utils@1 to /home/Frillion/.config/discord/0.0.42/modules/pending/discord_utils-1.zip: 46%
2024-02-05T16:05:10.108Z [Modules] Streaming discord_utils@1 to /home/Frillion/.config/discord/0.0.42/modules/pending/discord_utils-1.zip: 47%
2024-02-05T16:05:10.112Z [Modules] Streaming discord_utils@1 to /home/Frillion/.config/discord/0.0.42/modules/pending/discord_utils-1.zip: 48%
2024-02-05T16:05:10.114Z [Modules] Streaming discord_utils@1 to /home/Frillion/.config/discord/0.0.42/modules/pending/discord_utils-1.zip: 49%
2024-02-05T16:05:10.127Z [Modules] Streaming discord_utils@1 to /home/Frillion/.config/discord/0.0.42/modules/pending/discord_utils-1.zip: 50%
2024-02-05T16:05:10.129Z [Modules] Streaming discord_utils@1 to /home/Frillion/.config/discord/0.0.42/modules/pending/discord_utils-1.zip: 51%
2024-02-05T16:05:10.133Z [Modules] Streaming discord_utils@1 to /home/Frillion/.config/discord/0.0.42/modules/pending/discord_utils-1.zip: 53%
2024-02-05T16:05:10.136Z [Modules] Streaming discord_utils@1 to /home/Frillion/.config/discord/0.0.42/modules/pending/discord_utils-1.zip: 54%
2024-02-05T16:05:10.140Z [Modules] Streaming discord_utils@1 to /home/Frillion/.config/discord/0.0.42/modules/pending/discord_utils-1.zip: 56%
2024-02-05T16:05:10.144Z [Modules] Streaming discord_utils@1 to /home/Frillion/.config/discord/0.0.42/modules/pending/discord_utils-1.zip: 57%
2024-02-05T16:05:10.148Z [Modules] Streaming discord_utils@1 to /home/Frillion/.config/discord/0.0.42/modules/pending/discord_utils-1.zip: 60%
2024-02-05T16:05:10.153Z [Modules] Streaming discord_utils@1 to /home/Frillion/.config/discord/0.0.42/modules/pending/discord_utils-1.zip: 61%
2024-02-05T16:05:10.162Z [Modules] Streaming discord_utils@1 to /home/Frillion/.config/discord/0.0.42/modules/pending/discord_utils-1.zip: 63%
2024-02-05T16:05:10.166Z [Modules] Streaming discord_utils@1 to /home/Frillion/.config/discord/0.0.42/modules/pending/discord_utils-1.zip: 64%
2024-02-05T16:05:10.172Z [Modules] Streaming discord_utils@1 to /home/Frillion/.config/discord/0.0.42/modules/pending/discord_utils-1.zip: 66%
2024-02-05T16:05:10.194Z [Modules] Streaming discord_utils@1 to /home/Frillion/.config/discord/0.0.42/modules/pending/discord_utils-1.zip: 67%
2024-02-05T16:05:10.195Z [Modules] Streaming discord_utils@1 to /home/Frillion/.config/discord/0.0.42/modules/pending/discord_utils-1.zip: 69%
2024-02-05T16:05:10.198Z [Modules] Streaming discord_utils@1 to /home/Frillion/.config/discord/0.0.42/modules/pending/discord_utils-1.zip: 70%
2024-02-05T16:05:10.201Z [Modules] Streaming discord_utils@1 to /home/Frillion/.config/discord/0.0.42/modules/pending/discord_utils-1.zip: 71%
2024-02-05T16:05:10.204Z [Modules] Streaming discord_utils@1 to /home/Frillion/.config/discord/0.0.42/modules/pending/discord_utils-1.zip: 73%
2024-02-05T16:05:10.208Z [Modules] Streaming discord_utils@1 to /home/Frillion/.config/discord/0.0.42/modules/pending/discord_utils-1.zip: 75%
2024-02-05T16:05:10.211Z [Modules] Streaming discord_utils@1 to /home/Frillion/.config/discord/0.0.42/modules/pending/discord_utils-1.zip: 76%
2024-02-05T16:05:10.215Z [Modules] Streaming discord_utils@1 to /home/Frillion/.config/discord/0.0.42/modules/pending/discord_utils-1.zip: 78%
2024-02-05T16:05:10.219Z [Modules] Streaming discord_utils@1 to /home/Frillion/.config/discord/0.0.42/modules/pending/discord_utils-1.zip: 80%
2024-02-05T16:05:10.223Z [Modules] Streaming discord_utils@1 to /home/Frillion/.config/discord/0.0.42/modules/pending/discord_utils-1.zip: 81%
2024-02-05T16:05:10.227Z [Modules] Streaming discord_utils@1 to /home/Frillion/.config/discord/0.0.42/modules/pending/discord_utils-1.zip: 83%
2024-02-05T16:05:10.230Z [Modules] Streaming discord_utils@1 to /home/Frillion/.config/discord/0.0.42/modules/pending/discord_utils-1.zip: 85%
2024-02-05T16:05:10.235Z [Modules] Streaming discord_utils@1 to /home/Frillion/.config/discord/0.0.42/modules/pending/discord_utils-1.zip: 86%
2024-02-05T16:05:10.238Z [Modules] Streaming discord_utils@1 to /home/Frillion/.config/discord/0.0.42/modules/pending/discord_utils-1.zip: 88%
2024-02-05T16:05:10.241Z [Modules] Streaming discord_utils@1 to /home/Frillion/.config/discord/0.0.42/modules/pending/discord_utils-1.zip: 90%
2024-02-05T16:05:10.245Z [Modules] Streaming discord_utils@1 to /home/Frillion/.config/discord/0.0.42/modules/pending/discord_utils-1.zip: 91%
2024-02-05T16:05:10.252Z [Modules] Streaming discord_utils@1 to /home/Frillion/.config/discord/0.0.42/modules/pending/discord_utils-1.zip: 93%
2024-02-05T16:05:10.255Z [Modules] Streaming discord_utils@1 to /home/Frillion/.config/discord/0.0.42/modules/pending/discord_utils-1.zip: 95%
2024-02-05T16:05:10.259Z [Modules] Streaming discord_utils@1 to /home/Frillion/.config/discord/0.0.42/modules/pending/discord_utils-1.zip: 96%
2024-02-05T16:05:10.263Z [Modules] Streaming discord_utils@1 to /home/Frillion/.config/discord/0.0.42/modules/pending/discord_utils-1.zip: 98%
2024-02-05T16:05:10.265Z [Modules] Streaming discord_utils@1 to /home/Frillion/.config/discord/0.0.42/modules/pending/discord_utils-1.zip: 100%
2024-02-05T16:05:10.266Z [Modules] Fetching discord_voice@1 from https://discord.com/api/modules/stable/discord_voice/1
2024-02-05T16:05:10.266Z [Modules] Streaming discord_voice@1 to /home/Frillion/.config/discord/0.0.42/modules/pending/discord_voice-1.zip
2024-02-05T16:05:10.907Z [Modules] Streaming discord_voice@1 to /home/Frillion/.config/discord/0.0.42/modules/pending/discord_voice-1.zip: 1%
2024-02-05T16:05:10.929Z [Modules] Streaming discord_voice@1 to /home/Frillion/.config/discord/0.0.42/modules/pending/discord_voice-1.zip: 2%
2024-02-05T16:05:10.949Z [Modules] Streaming discord_voice@1 to /home/Frillion/.config/discord/0.0.42/modules/pending/discord_voice-1.zip: 3%
2024-02-05T16:05:10.968Z [Modules] Streaming discord_voice@1 to /home/Frillion/.config/discord/0.0.42/modules/pending/discord_voice-1.zip: 4%
2024-02-05T16:05:10.986Z [Modules] Streaming discord_voice@1 to /home/Frillion/.config/discord/0.0.42/modules/pending/discord_voice-1.zip: 5%
2024-02-05T16:05:11.010Z [Modules] Streaming discord_voice@1 to /home/Frillion/.config/discord/0.0.42/modules/pending/discord_voice-1.zip: 6%
2024-02-05T16:05:11.029Z [Modules] Streaming discord_voice@1 to /home/Frillion/.config/discord/0.0.42/modules/pending/discord_voice-1.zip: 7%
2024-02-05T16:05:11.049Z [Modules] Streaming discord_voice@1 to /home/Frillion/.config/discord/0.0.42/modules/pending/discord_voice-1.zip: 8%
2024-02-05T16:05:11.094Z [Modules] Streaming discord_voice@1 to /home/Frillion/.config/discord/0.0.42/modules/pending/discord_voice-1.zip: 9%
2024-02-05T16:05:11.123Z [Modules] Streaming discord_voice@1 to /home/Frillion/.config/discord/0.0.42/modules/pending/discord_voice-1.zip: 10%
2024-02-05T16:05:11.144Z [Modules] Streaming discord_voice@1 to /home/Frillion/.config/discord/0.0.42/modules/pending/discord_voice-1.zip: 11%
2024-02-05T16:05:11.161Z [Modules] Streaming discord_voice@1 to /home/Frillion/.config/discord/0.0.42/modules/pending/discord_voice-1.zip: 12%
2024-02-05T16:05:11.226Z [Modules] Streaming discord_voice@1 to /home/Frillion/.config/discord/0.0.42/modules/pending/discord_voice-1.zip: 13%
2024-02-05T16:05:11.255Z [Modules] Streaming discord_voice@1 to /home/Frillion/.config/discord/0.0.42/modules/pending/discord_voice-1.zip: 14%
2024-02-05T16:05:11.274Z [Modules] Streaming discord_voice@1 to /home/Frillion/.config/discord/0.0.42/modules/pending/discord_voice-1.zip: 15%
2024-02-05T16:05:11.302Z [Modules] Streaming discord_voice@1 to /home/Frillion/.config/discord/0.0.42/modules/pending/discord_voice-1.zip: 16%
2024-02-05T16:05:11.319Z [Modules] Streaming discord_voice@1 to /home/Frillion/.config/discord/0.0.42/modules/pending/discord_voice-1.zip: 17%
2024-02-05T16:05:11.338Z [Modules] Streaming discord_voice@1 to /home/Frillion/.config/discord/0.0.42/modules/pending/discord_voice-1.zip: 18%
2024-02-05T16:05:11.362Z [Modules] Streaming discord_voice@1 to /home/Frillion/.config/discord/0.0.42/modules/pending/discord_voice-1.zip: 19%
2024-02-05T16:05:11.394Z [Modules] Streaming discord_voice@1 to /home/Frillion/.config/discord/0.0.42/modules/pending/discord_voice-1.zip: 20%
2024-02-05T16:05:11.413Z [Modules] Streaming discord_voice@1 to /home/Frillion/.config/discord/0.0.42/modules/pending/discord_voice-1.zip: 21%
2024-02-05T16:05:11.435Z [Modules] Streaming discord_voice@1 to /home/Frillion/.config/discord/0.0.42/modules/pending/discord_voice-1.zip: 22%
2024-02-05T16:05:11.453Z [Modules] Streaming discord_voice@1 to /home/Frillion/.config/discord/0.0.42/modules/pending/discord_voice-1.zip: 23%
2024-02-05T16:05:11.526Z [Modules] Streaming discord_voice@1 to /home/Frillion/.config/discord/0.0.42/modules/pending/discord_voice-1.zip: 24%
2024-02-05T16:05:11.550Z [Modules] Streaming discord_voice@1 to /home/Frillion/.config/discord/0.0.42/modules/pending/discord_voice-1.zip: 25%
2024-02-05T16:05:11.581Z [Modules] Streaming discord_voice@1 to /home/Frillion/.config/discord/0.0.42/modules/pending/discord_voice-1.zip: 26%
2024-02-05T16:05:11.601Z [Modules] Streaming discord_voice@1 to /home/Frillion/.config/discord/0.0.42/modules/pending/discord_voice-1.zip: 27%
2024-02-05T16:05:11.620Z [Modules] Streaming discord_voice@1 to /home/Frillion/.config/discord/0.0.42/modules/pending/discord_voice-1.zip: 28%
2024-02-05T16:05:11.646Z [Modules] Streaming discord_voice@1 to /home/Frillion/.config/discord/0.0.42/modules/pending/discord_voice-1.zip: 29%
2024-02-05T16:05:11.668Z [Modules] Streaming discord_voice@1 to /home/Frillion/.config/discord/0.0.42/modules/pending/discord_voice-1.zip: 30%
2024-02-05T16:05:11.701Z [Modules] Streaming discord_voice@1 to /home/Frillion/.config/discord/0.0.42/modules/pending/discord_voice-1.zip: 31%
2024-02-05T16:05:11.724Z [Modules] Streaming discord_voice@1 to /home/Frillion/.config/discord/0.0.42/modules/pending/discord_voice-1.zip: 32%
2024-02-05T16:05:11.744Z [Modules] Streaming discord_voice@1 to /home/Frillion/.config/discord/0.0.42/modules/pending/discord_voice-1.zip: 33%
2024-02-05T16:05:11.765Z [Modules] Streaming discord_voice@1 to /home/Frillion/.config/discord/0.0.42/modules/pending/discord_voice-1.zip: 34%
2024-02-05T16:05:11.782Z [Modules] Streaming discord_voice@1 to /home/Frillion/.config/discord/0.0.42/modules/pending/discord_voice-1.zip: 35%
2024-02-05T16:05:11.845Z [Modules] Streaming discord_voice@1 to /home/Frillion/.config/discord/0.0.42/modules/pending/discord_voice-1.zip: 36%
2024-02-05T16:05:11.869Z [Modules] Streaming discord_voice@1 to /home/Frillion/.config/discord/0.0.42/modules/pending/discord_voice-1.zip: 37%
2024-02-05T16:05:11.889Z [Modules] Streaming discord_voice@1 to /home/Frillion/.config/discord/0.0.42/modules/pending/discord_voice-1.zip: 38%
2024-02-05T16:05:11.914Z [Modules] Streaming discord_voice@1 to /home/Frillion/.config/discord/0.0.42/modules/pending/discord_voice-1.zip: 39%
2024-02-05T16:05:11.934Z [Modules] Streaming discord_voice@1 to /home/Frillion/.config/discord/0.0.42/modules/pending/discord_voice-1.zip: 40%
2024-02-05T16:05:11.960Z [Modules] Streaming discord_voice@1 to /home/Frillion/.config/discord/0.0.42/modules/pending/discord_voice-1.zip: 41%
2024-02-05T16:05:12.017Z [Modules] Streaming discord_voice@1 to /home/Frillion/.config/discord/0.0.42/modules/pending/discord_voice-1.zip: 42%
2024-02-05T16:05:12.043Z [Modules] Streaming discord_voice@1 to /home/Frillion/.config/discord/0.0.42/modules/pending/discord_voice-1.zip: 43%
2024-02-05T16:05:12.066Z [Modules] Streaming discord_voice@1 to /home/Frillion/.config/discord/0.0.42/modules/pending/discord_voice-1.zip: 44%
2024-02-05T16:05:12.084Z [Modules] Streaming discord_voice@1 to /home/Frillion/.config/discord/0.0.42/modules/pending/discord_voice-1.zip: 45%
2024-02-05T16:05:12.104Z [Modules] Streaming discord_voice@1 to /home/Frillion/.config/discord/0.0.42/modules/pending/discord_voice-1.zip: 46%
2024-02-05T16:05:12.129Z [Modules] Streaming discord_voice@1 to /home/Frillion/.config/discord/0.0.42/modules/pending/discord_voice-1.zip: 47%
2024-02-05T16:05:12.149Z [Modules] Streaming discord_voice@1 to /home/Frillion/.config/discord/0.0.42/modules/pending/discord_voice-1.zip: 48%
2024-02-05T16:05:12.168Z [Modules] Streaming discord_voice@1 to /home/Frillion/.config/discord/0.0.42/modules/pending/discord_voice-1.zip: 49%
2024-02-05T16:05:12.187Z [Modules] Streaming discord_voice@1 to /home/Frillion/.config/discord/0.0.42/modules/pending/discord_voice-1.zip: 50%
2024-02-05T16:05:12.211Z [Modules] Streaming discord_voice@1 to /home/Frillion/.config/discord/0.0.42/modules/pending/discord_voice-1.zip: 51%
2024-02-05T16:05:12.236Z [Modules] Streaming discord_voice@1 to /home/Frillion/.config/discord/0.0.42/modules/pending/discord_voice-1.zip: 52%
2024-02-05T16:05:12.259Z [Modules] Streaming discord_voice@1 to /home/Frillion/.config/discord/0.0.42/modules/pending/discord_voice-1.zip: 53%
2024-02-05T16:05:12.297Z [Modules] Streaming discord_voice@1 to /home/Frillion/.config/discord/0.0.42/modules/pending/discord_voice-1.zip: 54%
2024-02-05T16:05:12.325Z [Modules] Streaming discord_voice@1 to /home/Frillion/.config/discord/0.0.42/modules/pending/discord_voice-1.zip: 55%
2024-02-05T16:05:12.343Z [Modules] Streaming discord_voice@1 to /home/Frillion/.config/discord/0.0.42/modules/pending/discord_voice-1.zip: 56%
2024-02-05T16:05:12.366Z [Modules] Streaming discord_voice@1 to /home/Frillion/.config/discord/0.0.42/modules/pending/discord_voice-1.zip: 57%
2024-02-05T16:05:12.389Z [Modules] Streaming discord_voice@1 to /home/Frillion/.config/discord/0.0.42/modules/pending/discord_voice-1.zip: 58%
2024-02-05T16:05:12.407Z [Modules] Streaming discord_voice@1 to /home/Frillion/.config/discord/0.0.42/modules/pending/discord_voice-1.zip: 59%
2024-02-05T16:05:12.428Z [Modules] Streaming discord_voice@1 to /home/Frillion/.config/discord/0.0.42/modules/pending/discord_voice-1.zip: 60%
2024-02-05T16:05:12.455Z [Modules] Streaming discord_voice@1 to /home/Frillion/.config/discord/0.0.42/modules/pending/discord_voice-1.zip: 61%
2024-02-05T16:05:12.472Z [Modules] Streaming discord_voice@1 to /home/Frillion/.config/discord/0.0.42/modules/pending/discord_voice-1.zip: 62%
2024-02-05T16:05:12.492Z [Modules] Streaming discord_voice@1 to /home/Frillion/.config/discord/0.0.42/modules/pending/discord_voice-1.zip: 63%
2024-02-05T16:05:12.515Z [Modules] Streaming discord_voice@1 to /home/Frillion/.config/discord/0.0.42/modules/pending/discord_voice-1.zip: 64%
2024-02-05T16:05:12.540Z [Modules] Streaming discord_voice@1 to /home/Frillion/.config/discord/0.0.42/modules/pending/discord_voice-1.zip: 65%
2024-02-05T16:05:12.558Z [Modules] Streaming discord_voice@1 to /home/Frillion/.config/discord/0.0.42/modules/pending/discord_voice-1.zip: 66%
2024-02-05T16:05:12.595Z [Modules] Streaming discord_voice@1 to /home/Frillion/.config/discord/0.0.42/modules/pending/discord_voice-1.zip: 67%
2024-02-05T16:05:12.617Z [Modules] Streaming discord_voice@1 to /home/Frillion/.config/discord/0.0.42/modules/pending/discord_voice-1.zip: 68%
2024-02-05T16:05:12.638Z [Modules] Streaming discord_voice@1 to /home/Frillion/.config/discord/0.0.42/modules/pending/discord_voice-1.zip: 69%
2024-02-05T16:05:12.660Z [Modules] Streaming discord_voice@1 to /home/Frillion/.config/discord/0.0.42/modules/pending/discord_voice-1.zip: 70%
2024-02-05T16:05:12.685Z [Modules] Streaming discord_voice@1 to /home/Frillion/.config/discord/0.0.42/modules/pending/discord_voice-1.zip: 71%
2024-02-05T16:05:12.704Z [Modules] Streaming discord_voice@1 to /home/Frillion/.config/discord/0.0.42/modules/pending/discord_voice-1.zip: 72%
2024-02-05T16:05:12.725Z [Modules] Streaming discord_voice@1 to /home/Frillion/.config/discord/0.0.42/modules/pending/discord_voice-1.zip: 73%
2024-02-05T16:05:12.746Z [Modules] Streaming discord_voice@1 to /home/Frillion/.config/discord/0.0.42/modules/pending/discord_voice-1.zip: 74%
2024-02-05T16:05:12.770Z [Modules] Streaming discord_voice@1 to /home/Frillion/.config/discord/0.0.42/modules/pending/discord_voice-1.zip: 75%
2024-02-05T16:05:12.791Z [Modules] Streaming discord_voice@1 to /home/Frillion/.config/discord/0.0.42/modules/pending/discord_voice-1.zip: 76%
2024-02-05T16:05:12.808Z [Modules] Streaming discord_voice@1 to /home/Frillion/.config/discord/0.0.42/modules/pending/discord_voice-1.zip: 77%
2024-02-05T16:05:12.831Z [Modules] Streaming discord_voice@1 to /home/Frillion/.config/discord/0.0.42/modules/pending/discord_voice-1.zip: 78%
2024-02-05T16:05:12.855Z [Modules] Streaming discord_voice@1 to /home/Frillion/.config/discord/0.0.42/modules/pending/discord_voice-1.zip: 79%
2024-02-05T16:05:12.893Z [Modules] Streaming discord_voice@1 to /home/Frillion/.config/discord/0.0.42/modules/pending/discord_voice-1.zip: 80%
2024-02-05T16:05:12.914Z [Modules] Streaming discord_voice@1 to /home/Frillion/.config/discord/0.0.42/modules/pending/discord_voice-1.zip: 81%
2024-02-05T16:05:12.945Z [Modules] Streaming discord_voice@1 to /home/Frillion/.config/discord/0.0.42/modules/pending/discord_voice-1.zip: 82%
2024-02-05T16:05:12.963Z [Modules] Streaming discord_voice@1 to /home/Frillion/.config/discord/0.0.42/modules/pending/discord_voice-1.zip: 83%
2024-02-05T16:05:12.987Z [Modules] Streaming discord_voice@1 to /home/Frillion/.config/discord/0.0.42/modules/pending/discord_voice-1.zip: 84%
2024-02-05T16:05:13.009Z [Modules] Streaming discord_voice@1 to /home/Frillion/.config/discord/0.0.42/modules/pending/discord_voice-1.zip: 85%
2024-02-05T16:05:13.028Z [Modules] Streaming discord_voice@1 to /home/Frillion/.config/discord/0.0.42/modules/pending/discord_voice-1.zip: 86%
2024-02-05T16:05:13.054Z [Modules] Streaming discord_voice@1 to /home/Frillion/.config/discord/0.0.42/modules/pending/discord_voice-1.zip: 87%
2024-02-05T16:05:13.101Z [Modules] Streaming discord_voice@1 to /home/Frillion/.config/discord/0.0.42/modules/pending/discord_voice-1.zip: 88%
2024-02-05T16:05:13.120Z [Modules] Streaming discord_voice@1 to /home/Frillion/.config/discord/0.0.42/modules/pending/discord_voice-1.zip: 89%
2024-02-05T16:05:13.141Z [Modules] Streaming discord_voice@1 to /home/Frillion/.config/discord/0.0.42/modules/pending/discord_voice-1.zip: 90%
2024-02-05T16:05:13.164Z [Modules] Streaming discord_voice@1 to /home/Frillion/.config/discord/0.0.42/modules/pending/discord_voice-1.zip: 91%
2024-02-05T16:05:13.196Z [Modules] Streaming discord_voice@1 to /home/Frillion/.config/discord/0.0.42/modules/pending/discord_voice-1.zip: 92%
2024-02-05T16:05:13.224Z [Modules] Streaming discord_voice@1 to /home/Frillion/.config/discord/0.0.42/modules/pending/discord_voice-1.zip: 93%
2024-02-05T16:05:13.246Z [Modules] Streaming discord_voice@1 to /home/Frillion/.config/discord/0.0.42/modules/pending/discord_voice-1.zip: 94%
2024-02-05T16:05:13.268Z [Modules] Streaming discord_voice@1 to /home/Frillion/.config/discord/0.0.42/modules/pending/discord_voice-1.zip: 95%
2024-02-05T16:05:13.288Z [Modules] Streaming discord_voice@1 to /home/Frillion/.config/discord/0.0.42/modules/pending/discord_voice-1.zip: 96%
2024-02-05T16:05:13.313Z [Modules] Streaming discord_voice@1 to /home/Frillion/.config/discord/0.0.42/modules/pending/discord_voice-1.zip: 97%
2024-02-05T16:05:13.336Z [Modules] Streaming discord_voice@1 to /home/Frillion/.config/discord/0.0.42/modules/pending/discord_voice-1.zip: 98%
2024-02-05T16:05:13.357Z [Modules] Streaming discord_voice@1 to /home/Frillion/.config/discord/0.0.42/modules/pending/discord_voice-1.zip: 99%
2024-02-05T16:05:13.376Z [Modules] Streaming discord_voice@1 to /home/Frillion/.config/discord/0.0.42/modules/pending/discord_voice-1.zip: 100%
2024-02-05T16:05:13.378Z [Modules] Finished module downloads. [success: 5] [failure: 0]
2024-02-05T16:05:13.378Z [Modules] Installing updates...
2024-02-05T16:05:13.379Z [Modules] Installing discord_desktop_core@1 from /home/Frillion/.config/discord/0.0.42/modules/pending/discord_desktop_core-1.zip
2024-02-05T16:05:13.470Z [Modules] Installing discord_erlpack@1 from /home/Frillion/.config/discord/0.0.42/modules/pending/discord_erlpack-1.zip
2024-02-05T16:05:13.516Z [Modules] Installing discord_spellcheck@1 from /home/Frillion/.config/discord/0.0.42/modules/pending/discord_spellcheck-1.zip
2024-02-05T16:05:14.180Z [Modules] Installing discord_utils@1 from /home/Frillion/.config/discord/0.0.42/modules/pending/discord_utils-1.zip
2024-02-05T16:05:14.293Z [Modules] Installing discord_voice@1 from /home/Frillion/.config/discord/0.0.42/modules/pending/discord_voice-1.zip
2024-02-05T16:05:14.809Z [Modules] Finished module installations. [success: 5] [failure: 0]
2024-02-05T16:05:14.809Z [Modules] Checking for host updates.
2024-02-05T16:05:15.397Z [Modules] Host is up to date.
2024-02-05T16:05:15.397Z [Modules] Checking for module updates at https://discord.com/api/modules/stable/versions.json
2024-02-05T16:05:15.402Z [Modules] No module updates available.
2024-02-05T16:05:16.918Z [Modules] Starting to install discord_krisp...
2024-02-05T16:05:16.918Z [Modules] Fetching discord_krisp@1 from https://discord.com/api/modules/stable/discord_krisp/1
2024-02-05T16:05:16.918Z [Modules] Streaming discord_krisp@1 to /home/Frillion/.config/discord/0.0.42/modules/pending/discord_krisp-1.zip
2024-02-05T16:05:16.924Z [Modules] Starting to install discord_game_utils...
2024-02-05T16:05:17.436Z [Modules] Streaming discord_krisp@1 to /home/Frillion/.config/discord/0.0.42/modules/pending/discord_krisp-1.zip: 1%
2024-02-05T16:05:17.449Z [Modules] Checking for host updates.
2024-02-05T16:05:17.450Z [Modules] Streaming discord_krisp@1 to /home/Frillion/.config/discord/0.0.42/modules/pending/discord_krisp-1.zip: 2%
2024-02-05T16:05:17.469Z [Modules] Streaming discord_krisp@1 to /home/Frillion/.config/discord/0.0.42/modules/pending/discord_krisp-1.zip: 3%
2024-02-05T16:05:17.486Z [Modules] Streaming discord_krisp@1 to /home/Frillion/.config/discord/0.0.42/modules/pending/discord_krisp-1.zip: 4%
2024-02-05T16:05:17.506Z [Modules] Starting to install discord_rpc...
2024-02-05T16:05:17.507Z [Modules] Streaming discord_krisp@1 to /home/Frillion/.config/discord/0.0.42/modules/pending/discord_krisp-1.zip: 5%
2024-02-05T16:05:17.523Z [Modules] Streaming discord_krisp@1 to /home/Frillion/.config/discord/0.0.42/modules/pending/discord_krisp-1.zip: 6%
2024-02-05T16:05:17.546Z [Modules] Streaming discord_krisp@1 to /home/Frillion/.config/discord/0.0.42/modules/pending/discord_krisp-1.zip: 7%
2024-02-05T16:05:17.573Z [Modules] Streaming discord_krisp@1 to /home/Frillion/.config/discord/0.0.42/modules/pending/discord_krisp-1.zip: 8%
2024-02-05T16:05:17.591Z [Modules] Streaming discord_krisp@1 to /home/Frillion/.config/discord/0.0.42/modules/pending/discord_krisp-1.zip: 9%
2024-02-05T16:05:17.609Z [Modules] Streaming discord_krisp@1 to /home/Frillion/.config/discord/0.0.42/modules/pending/discord_krisp-1.zip: 10%
2024-02-05T16:05:17.643Z [Modules] Streaming discord_krisp@1 to /home/Frillion/.config/discord/0.0.42/modules/pending/discord_krisp-1.zip: 11%
2024-02-05T16:05:17.669Z [Modules] Streaming discord_krisp@1 to /home/Frillion/.config/discord/0.0.42/modules/pending/discord_krisp-1.zip: 12%
2024-02-05T16:05:17.697Z [Modules] Streaming discord_krisp@1 to /home/Frillion/.config/discord/0.0.42/modules/pending/discord_krisp-1.zip: 13%
2024-02-05T16:05:17.714Z [Modules] Streaming discord_krisp@1 to /home/Frillion/.config/discord/0.0.42/modules/pending/discord_krisp-1.zip: 14%
2024-02-05T16:05:17.736Z [Modules] Host is up to date.
2024-02-05T16:05:17.736Z [Modules] Checking for module updates at https://discord.com/api/modules/stable/versions.json
2024-02-05T16:05:17.737Z [Modules] Streaming discord_krisp@1 to /home/Frillion/.config/discord/0.0.42/modules/pending/discord_krisp-1.zip: 15%
2024-02-05T16:05:17.739Z [Modules] No module updates available.
2024-02-05T16:05:17.790Z [Modules] Streaming discord_krisp@1 to /home/Frillion/.config/discord/0.0.42/modules/pending/discord_krisp-1.zip: 16%
2024-02-05T16:05:17.876Z [Modules] Streaming discord_krisp@1 to /home/Frillion/.config/discord/0.0.42/modules/pending/discord_krisp-1.zip: 18%
2024-02-05T16:05:17.881Z [Modules] Streaming discord_krisp@1 to /home/Frillion/.config/discord/0.0.42/modules/pending/discord_krisp-1.zip: 19%
2024-02-05T16:05:17.898Z [Modules] Streaming discord_krisp@1 to /home/Frillion/.config/discord/0.0.42/modules/pending/discord_krisp-1.zip: 20%
2024-02-05T16:05:17.914Z [Modules] Streaming discord_krisp@1 to /home/Frillion/.config/discord/0.0.42/modules/pending/discord_krisp-1.zip: 21%
2024-02-05T16:05:17.928Z [Modules] Streaming discord_krisp@1 to /home/Frillion/.config/discord/0.0.42/modules/pending/discord_krisp-1.zip: 22%
2024-02-05T16:05:17.947Z [Modules] Streaming discord_krisp@1 to /home/Frillion/.config/discord/0.0.42/modules/pending/discord_krisp-1.zip: 23%
2024-02-05T16:05:17.972Z [Modules] Streaming discord_krisp@1 to /home/Frillion/.config/discord/0.0.42/modules/pending/discord_krisp-1.zip: 24%
2024-02-05T16:05:18.002Z [Modules] Streaming discord_krisp@1 to /home/Frillion/.config/discord/0.0.42/modules/pending/discord_krisp-1.zip: 25%
2024-02-05T16:05:18.015Z [Modules] Streaming discord_krisp@1 to /home/Frillion/.config/discord/0.0.42/modules/pending/discord_krisp-1.zip: 26%
2024-02-05T16:05:18.038Z [Modules] Streaming discord_krisp@1 to /home/Frillion/.config/discord/0.0.42/modules/pending/discord_krisp-1.zip: 27%
2024-02-05T16:05:18.067Z [Modules] Streaming discord_krisp@1 to /home/Frillion/.config/discord/0.0.42/modules/pending/discord_krisp-1.zip: 28%
2024-02-05T16:05:18.085Z [Modules] Streaming discord_krisp@1 to /home/Frillion/.config/discord/0.0.42/modules/pending/discord_krisp-1.zip: 29%
2024-02-05T16:05:18.176Z [Modules] Streaming discord_krisp@1 to /home/Frillion/.config/discord/0.0.42/modules/pending/discord_krisp-1.zip: 30%
2024-02-05T16:05:18.211Z [Modules] Streaming discord_krisp@1 to /home/Frillion/.config/discord/0.0.42/modules/pending/discord_krisp-1.zip: 31%
2024-02-05T16:05:18.227Z [Modules] Streaming discord_krisp@1 to /home/Frillion/.config/discord/0.0.42/modules/pending/discord_krisp-1.zip: 32%
2024-02-05T16:05:18.248Z [Modules] Streaming discord_krisp@1 to /home/Frillion/.config/discord/0.0.42/modules/pending/discord_krisp-1.zip: 33%
2024-02-05T16:05:18.271Z [Modules] Streaming discord_krisp@1 to /home/Frillion/.config/discord/0.0.42/modules/pending/discord_krisp-1.zip: 34%
2024-02-05T16:05:18.305Z [Modules] Streaming discord_krisp@1 to /home/Frillion/.config/discord/0.0.42/modules/pending/discord_krisp-1.zip: 35%
2024-02-05T16:05:18.318Z [Modules] Streaming discord_krisp@1 to /home/Frillion/.config/discord/0.0.42/modules/pending/discord_krisp-1.zip: 36%
2024-02-05T16:05:18.335Z [Modules] Streaming discord_krisp@1 to /home/Frillion/.config/discord/0.0.42/modules/pending/discord_krisp-1.zip: 37%
2024-02-05T16:05:18.352Z [Modules] Streaming discord_krisp@1 to /home/Frillion/.config/discord/0.0.42/modules/pending/discord_krisp-1.zip: 38%
2024-02-05T16:05:18.375Z [Modules] Streaming discord_krisp@1 to /home/Frillion/.config/discord/0.0.42/modules/pending/discord_krisp-1.zip: 39%
2024-02-05T16:05:18.394Z [Modules] Streaming discord_krisp@1 to /home/Frillion/.config/discord/0.0.42/modules/pending/discord_krisp-1.zip: 40%
2024-02-05T16:05:18.413Z [Modules] Streaming discord_krisp@1 to /home/Frillion/.config/discord/0.0.42/modules/pending/discord_krisp-1.zip: 41%
2024-02-05T16:05:18.430Z [Modules] Streaming discord_krisp@1 to /home/Frillion/.config/discord/0.0.42/modules/pending/discord_krisp-1.zip: 42%
2024-02-05T16:05:18.454Z [Modules] Streaming discord_krisp@1 to /home/Frillion/.config/discord/0.0.42/modules/pending/discord_krisp-1.zip: 43%
2024-02-05T16:05:18.476Z [Modules] Streaming discord_krisp@1 to /home/Frillion/.config/discord/0.0.42/modules/pending/discord_krisp-1.zip: 44%
2024-02-05T16:05:18.495Z [Modules] Streaming discord_krisp@1 to /home/Frillion/.config/discord/0.0.42/modules/pending/discord_krisp-1.zip: 45%
2024-02-05T16:05:18.509Z [Modules] Streaming discord_krisp@1 to /home/Frillion/.config/discord/0.0.42/modules/pending/discord_krisp-1.zip: 46%
2024-02-05T16:05:18.529Z [Modules] Streaming discord_krisp@1 to /home/Frillion/.config/discord/0.0.42/modules/pending/discord_krisp-1.zip: 47%
2024-02-05T16:05:18.548Z [Modules] Streaming discord_krisp@1 to /home/Frillion/.config/discord/0.0.42/modules/pending/discord_krisp-1.zip: 48%
2024-02-05T16:05:18.564Z [Modules] Streaming discord_krisp@1 to /home/Frillion/.config/discord/0.0.42/modules/pending/discord_krisp-1.zip: 49%
2024-02-05T16:05:18.599Z [Modules] Streaming discord_krisp@1 to /home/Frillion/.config/discord/0.0.42/modules/pending/discord_krisp-1.zip: 50%
2024-02-05T16:05:18.617Z [Modules] Streaming discord_krisp@1 to /home/Frillion/.config/discord/0.0.42/modules/pending/discord_krisp-1.zip: 51%
2024-02-05T16:05:18.631Z [Modules] Streaming discord_krisp@1 to /home/Frillion/.config/discord/0.0.42/modules/pending/discord_krisp-1.zip: 52%
2024-02-05T16:05:18.654Z [Modules] Streaming discord_krisp@1 to /home/Frillion/.config/discord/0.0.42/modules/pending/discord_krisp-1.zip: 53%
2024-02-05T16:05:18.676Z [Modules] Streaming discord_krisp@1 to /home/Frillion/.config/discord/0.0.42/modules/pending/discord_krisp-1.zip: 54%
2024-02-05T16:05:18.694Z [Modules] Streaming discord_krisp@1 to /home/Frillion/.config/discord/0.0.42/modules/pending/discord_krisp-1.zip: 55%
2024-02-05T16:05:18.709Z [Modules] Streaming discord_krisp@1 to /home/Frillion/.config/discord/0.0.42/modules/pending/discord_krisp-1.zip: 56%
2024-02-05T16:05:18.728Z [Modules] Streaming discord_krisp@1 to /home/Frillion/.config/discord/0.0.42/modules/pending/discord_krisp-1.zip: 57%
2024-02-05T16:05:18.743Z [Modules] Streaming discord_krisp@1 to /home/Frillion/.config/discord/0.0.42/modules/pending/discord_krisp-1.zip: 58%
2024-02-05T16:05:18.769Z [Modules] Streaming discord_krisp@1 to /home/Frillion/.config/discord/0.0.42/modules/pending/discord_krisp-1.zip: 59%
2024-02-05T16:05:18.786Z [Modules] Streaming discord_krisp@1 to /home/Frillion/.config/discord/0.0.42/modules/pending/discord_krisp-1.zip: 60%
2024-02-05T16:05:18.803Z [Modules] Streaming discord_krisp@1 to /home/Frillion/.config/discord/0.0.42/modules/pending/discord_krisp-1.zip: 61%
2024-02-05T16:05:18.822Z [Modules] Streaming discord_krisp@1 to /home/Frillion/.config/discord/0.0.42/modules/pending/discord_krisp-1.zip: 62%
2024-02-05T16:05:18.841Z [Modules] Streaming discord_krisp@1 to /home/Frillion/.config/discord/0.0.42/modules/pending/discord_krisp-1.zip: 63%
2024-02-05T16:05:18.857Z [Modules] Streaming discord_krisp@1 to /home/Frillion/.config/discord/0.0.42/modules/pending/discord_krisp-1.zip: 64%
2024-02-05T16:05:18.893Z [Modules] Streaming discord_krisp@1 to /home/Frillion/.config/discord/0.0.42/modules/pending/discord_krisp-1.zip: 65%
2024-02-05T16:05:18.909Z [Modules] Streaming discord_krisp@1 to /home/Frillion/.config/discord/0.0.42/modules/pending/discord_krisp-1.zip: 66%
2024-02-05T16:05:18.931Z [Modules] Streaming discord_krisp@1 to /home/Frillion/.config/discord/0.0.42/modules/pending/discord_krisp-1.zip: 67%
2024-02-05T16:05:18.947Z [Modules] Streaming discord_krisp@1 to /home/Frillion/.config/discord/0.0.42/modules/pending/discord_krisp-1.zip: 68%
2024-02-05T16:05:18.967Z [Modules] Streaming discord_krisp@1 to /home/Frillion/.config/discord/0.0.42/modules/pending/discord_krisp-1.zip: 69%
2024-02-05T16:05:18.984Z [Modules] Streaming discord_krisp@1 to /home/Frillion/.config/discord/0.0.42/modules/pending/discord_krisp-1.zip: 70%
2024-02-05T16:05:19.002Z [Modules] Streaming discord_krisp@1 to /home/Frillion/.config/discord/0.0.42/modules/pending/discord_krisp-1.zip: 71%
2024-02-05T16:05:19.021Z [Modules] Streaming discord_krisp@1 to /home/Frillion/.config/discord/0.0.42/modules/pending/discord_krisp-1.zip: 72%
2024-02-05T16:05:19.038Z [Modules] Streaming discord_krisp@1 to /home/Frillion/.config/discord/0.0.42/modules/pending/discord_krisp-1.zip: 73%
2024-02-05T16:05:19.052Z [Modules] Streaming discord_krisp@1 to /home/Frillion/.config/discord/0.0.42/modules/pending/discord_krisp-1.zip: 74%
2024-02-05T16:05:19.071Z [Modules] Streaming discord_krisp@1 to /home/Frillion/.config/discord/0.0.42/modules/pending/discord_krisp-1.zip: 75%
2024-02-05T16:05:19.099Z [Modules] Streaming discord_krisp@1 to /home/Frillion/.config/discord/0.0.42/modules/pending/discord_krisp-1.zip: 76%
2024-02-05T16:05:19.121Z [Modules] Streaming discord_krisp@1 to /home/Frillion/.config/discord/0.0.42/modules/pending/discord_krisp-1.zip: 77%
2024-02-05T16:05:19.140Z [Modules] Streaming discord_krisp@1 to /home/Frillion/.config/discord/0.0.42/modules/pending/discord_krisp-1.zip: 78%
2024-02-05T16:05:19.159Z [Modules] Streaming discord_krisp@1 to /home/Frillion/.config/discord/0.0.42/modules/pending/discord_krisp-1.zip: 79%
2024-02-05T16:05:19.193Z [Modules] Streaming discord_krisp@1 to /home/Frillion/.config/discord/0.0.42/modules/pending/discord_krisp-1.zip: 80%
2024-02-05T16:05:19.207Z [Modules] Streaming discord_krisp@1 to /home/Frillion/.config/discord/0.0.42/modules/pending/discord_krisp-1.zip: 81%
2024-02-05T16:05:19.224Z [Modules] Streaming discord_krisp@1 to /home/Frillion/.config/discord/0.0.42/modules/pending/discord_krisp-1.zip: 82%
2024-02-05T16:05:19.245Z [Modules] Streaming discord_krisp@1 to /home/Frillion/.config/discord/0.0.42/modules/pending/discord_krisp-1.zip: 83%
2024-02-05T16:05:19.264Z [Modules] Streaming discord_krisp@1 to /home/Frillion/.config/discord/0.0.42/modules/pending/discord_krisp-1.zip: 84%
2024-02-05T16:05:19.286Z [Modules] Streaming discord_krisp@1 to /home/Frillion/.config/discord/0.0.42/modules/pending/discord_krisp-1.zip: 85%
2024-02-05T16:05:19.302Z [Modules] Streaming discord_krisp@1 to /home/Frillion/.config/discord/0.0.42/modules/pending/discord_krisp-1.zip: 86%
2024-02-05T16:05:19.317Z [Modules] Streaming discord_krisp@1 to /home/Frillion/.config/discord/0.0.42/modules/pending/discord_krisp-1.zip: 87%
2024-02-05T16:05:19.339Z [Modules] Streaming discord_krisp@1 to /home/Frillion/.config/discord/0.0.42/modules/pending/discord_krisp-1.zip: 88%
2024-02-05T16:05:19.356Z [Modules] Streaming discord_krisp@1 to /home/Frillion/.config/discord/0.0.42/modules/pending/discord_krisp-1.zip: 89%
2024-02-05T16:05:19.371Z [Modules] Streaming discord_krisp@1 to /home/Frillion/.config/discord/0.0.42/modules/pending/discord_krisp-1.zip: 90%
2024-02-05T16:05:19.393Z [Modules] Streaming discord_krisp@1 to /home/Frillion/.config/discord/0.0.42/modules/pending/discord_krisp-1.zip: 91%
2024-02-05T16:05:19.411Z [Modules] Streaming discord_krisp@1 to /home/Frillion/.config/discord/0.0.42/modules/pending/discord_krisp-1.zip: 92%
2024-02-05T16:05:19.427Z [Modules] Streaming discord_krisp@1 to /home/Frillion/.config/discord/0.0.42/modules/pending/discord_krisp-1.zip: 93%
2024-02-05T16:05:19.450Z [Modules] Streaming discord_krisp@1 to /home/Frillion/.config/discord/0.0.42/modules/pending/discord_krisp-1.zip: 94%
2024-02-05T16:05:19.465Z [Modules] Streaming discord_krisp@1 to /home/Frillion/.config/discord/0.0.42/modules/pending/discord_krisp-1.zip: 95%
2024-02-05T16:05:19.514Z [Modules] Streaming discord_krisp@1 to /home/Frillion/.config/discord/0.0.42/modules/pending/discord_krisp-1.zip: 96%
2024-02-05T16:05:19.532Z [Modules] Streaming discord_krisp@1 to /home/Frillion/.config/discord/0.0.42/modules/pending/discord_krisp-1.zip: 97%
2024-02-05T16:05:19.547Z [Modules] Streaming discord_krisp@1 to /home/Frillion/.config/discord/0.0.42/modules/pending/discord_krisp-1.zip: 98%
2024-02-05T16:05:19.569Z [Modules] Streaming discord_krisp@1 to /home/Frillion/.config/discord/0.0.42/modules/pending/discord_krisp-1.zip: 99%
2024-02-05T16:05:19.583Z [Modules] Streaming discord_krisp@1 to /home/Frillion/.config/discord/0.0.42/modules/pending/discord_krisp-1.zip: 100%
2024-02-05T16:05:19.586Z [Modules] Fetching discord_game_utils@1 from https://discord.com/api/modules/stable/discord_game_utils/1
2024-02-05T16:05:19.586Z [Modules] Streaming discord_game_utils@1 to /home/Frillion/.config/discord/0.0.42/modules/pending/discord_game_utils-1.zip
2024-02-05T16:05:19.586Z [Modules] Installing discord_krisp@1 from /home/Frillion/.config/discord/0.0.42/modules/pending/discord_krisp-1.zip
2024-02-05T16:05:19.938Z [Modules] Finished module installations. [success: 1] [failure: 0]
2024-02-05T16:05:20.620Z [Modules] Streaming discord_game_utils@1 to /home/Frillion/.config/discord/0.0.42/modules/pending/discord_game_utils-1.zip: 2%
2024-02-05T16:05:20.623Z [Modules] Streaming discord_game_utils@1 to /home/Frillion/.config/discord/0.0.42/modules/pending/discord_game_utils-1.zip: 5%
2024-02-05T16:05:20.627Z [Modules] Streaming discord_game_utils@1 to /home/Frillion/.config/discord/0.0.42/modules/pending/discord_game_utils-1.zip: 7%
2024-02-05T16:05:20.632Z [Modules] Streaming discord_game_utils@1 to /home/Frillion/.config/discord/0.0.42/modules/pending/discord_game_utils-1.zip: 9%
2024-02-05T16:05:20.635Z [Modules] Streaming discord_game_utils@1 to /home/Frillion/.config/discord/0.0.42/modules/pending/discord_game_utils-1.zip: 10%
2024-02-05T16:05:20.639Z [Modules] Streaming discord_game_utils@1 to /home/Frillion/.config/discord/0.0.42/modules/pending/discord_game_utils-1.zip: 12%
2024-02-05T16:05:20.643Z [Modules] Streaming discord_game_utils@1 to /home/Frillion/.config/discord/0.0.42/modules/pending/discord_game_utils-1.zip: 14%
2024-02-05T16:05:20.646Z [Modules] Streaming discord_game_utils@1 to /home/Frillion/.config/discord/0.0.42/modules/pending/discord_game_utils-1.zip: 17%
2024-02-05T16:05:20.651Z [Modules] Streaming discord_game_utils@1 to /home/Frillion/.config/discord/0.0.42/modules/pending/discord_game_utils-1.zip: 19%
2024-02-05T16:05:20.655Z [Modules] Streaming discord_game_utils@1 to /home/Frillion/.config/discord/0.0.42/modules/pending/discord_game_utils-1.zip: 21%
2024-02-05T16:05:20.658Z [Modules] Streaming discord_game_utils@1 to /home/Frillion/.config/discord/0.0.42/modules/pending/discord_game_utils-1.zip: 23%
2024-02-05T16:05:20.662Z [Modules] Streaming discord_game_utils@1 to /home/Frillion/.config/discord/0.0.42/modules/pending/discord_game_utils-1.zip: 25%
2024-02-05T16:05:20.665Z [Modules] Streaming discord_game_utils@1 to /home/Frillion/.config/discord/0.0.42/modules/pending/discord_game_utils-1.zip: 27%
2024-02-05T16:05:20.670Z [Modules] Streaming discord_game_utils@1 to /home/Frillion/.config/discord/0.0.42/modules/pending/discord_game_utils-1.zip: 29%
2024-02-05T16:05:20.673Z [Modules] Streaming discord_game_utils@1 to /home/Frillion/.config/discord/0.0.42/modules/pending/discord_game_utils-1.zip: 31%
2024-02-05T16:05:20.693Z [Modules] Streaming discord_game_utils@1 to /home/Frillion/.config/discord/0.0.42/modules/pending/discord_game_utils-1.zip: 33%
2024-02-05T16:05:20.695Z [Modules] Streaming discord_game_utils@1 to /home/Frillion/.config/discord/0.0.42/modules/pending/discord_game_utils-1.zip: 35%
2024-02-05T16:05:20.699Z [Modules] Streaming discord_game_utils@1 to /home/Frillion/.config/discord/0.0.42/modules/pending/discord_game_utils-1.zip: 37%
2024-02-05T16:05:20.702Z [Modules] Streaming discord_game_utils@1 to /home/Frillion/.config/discord/0.0.42/modules/pending/discord_game_utils-1.zip: 39%
2024-02-05T16:05:20.706Z [Modules] Streaming discord_game_utils@1 to /home/Frillion/.config/discord/0.0.42/modules/pending/discord_game_utils-1.zip: 41%
2024-02-05T16:05:20.709Z [Modules] Streaming discord_game_utils@1 to /home/Frillion/.config/discord/0.0.42/modules/pending/discord_game_utils-1.zip: 43%
2024-02-05T16:05:20.711Z [Modules] Streaming discord_game_utils@1 to /home/Frillion/.config/discord/0.0.42/modules/pending/discord_game_utils-1.zip: 45%
2024-02-05T16:05:20.716Z [Modules] Streaming discord_game_utils@1 to /home/Frillion/.config/discord/0.0.42/modules/pending/discord_game_utils-1.zip: 47%
2024-02-05T16:05:20.722Z [Modules] Streaming discord_game_utils@1 to /home/Frillion/.config/discord/0.0.42/modules/pending/discord_game_utils-1.zip: 49%
2024-02-05T16:05:20.725Z [Modules] Streaming discord_game_utils@1 to /home/Frillion/.config/discord/0.0.42/modules/pending/discord_game_utils-1.zip: 51%
2024-02-05T16:05:20.728Z [Modules] Streaming discord_game_utils@1 to /home/Frillion/.config/discord/0.0.42/modules/pending/discord_game_utils-1.zip: 53%
2024-02-05T16:05:20.732Z [Modules] Streaming discord_game_utils@1 to /home/Frillion/.config/discord/0.0.42/modules/pending/discord_game_utils-1.zip: 55%
2024-02-05T16:05:20.735Z [Modules] Streaming discord_game_utils@1 to /home/Frillion/.config/discord/0.0.42/modules/pending/discord_game_utils-1.zip: 57%
2024-02-05T16:05:20.738Z [Modules] Streaming discord_game_utils@1 to /home/Frillion/.config/discord/0.0.42/modules/pending/discord_game_utils-1.zip: 59%
2024-02-05T16:05:20.742Z [Modules] Streaming discord_game_utils@1 to /home/Frillion/.config/discord/0.0.42/modules/pending/discord_game_utils-1.zip: 61%
2024-02-05T16:05:20.745Z [Modules] Streaming discord_game_utils@1 to /home/Frillion/.config/discord/0.0.42/modules/pending/discord_game_utils-1.zip: 63%
2024-02-05T16:05:20.771Z [Modules] Streaming discord_game_utils@1 to /home/Frillion/.config/discord/0.0.42/modules/pending/discord_game_utils-1.zip: 65%
2024-02-05T16:05:20.774Z [Modules] Streaming discord_game_utils@1 to /home/Frillion/.config/discord/0.0.42/modules/pending/discord_game_utils-1.zip: 67%
2024-02-05T16:05:20.777Z [Modules] Streaming discord_game_utils@1 to /home/Frillion/.config/discord/0.0.42/modules/pending/discord_game_utils-1.zip: 69%
2024-02-05T16:05:20.780Z [Modules] Streaming discord_game_utils@1 to /home/Frillion/.config/discord/0.0.42/modules/pending/discord_game_utils-1.zip: 71%
2024-02-05T16:05:20.784Z [Modules] Streaming discord_game_utils@1 to /home/Frillion/.config/discord/0.0.42/modules/pending/discord_game_utils-1.zip: 74%
2024-02-05T16:05:20.820Z [Modules] Streaming discord_game_utils@1 to /home/Frillion/.config/discord/0.0.42/modules/pending/discord_game_utils-1.zip: 75%
2024-02-05T16:05:20.823Z [Modules] Streaming discord_game_utils@1 to /home/Frillion/.config/discord/0.0.42/modules/pending/discord_game_utils-1.zip: 76%
2024-02-05T16:05:20.832Z [Modules] Streaming discord_game_utils@1 to /home/Frillion/.config/discord/0.0.42/modules/pending/discord_game_utils-1.zip: 78%
2024-02-05T16:05:20.835Z [Modules] Streaming discord_game_utils@1 to /home/Frillion/.config/discord/0.0.42/modules/pending/discord_game_utils-1.zip: 80%
2024-02-05T16:05:20.838Z [Modules] Streaming discord_game_utils@1 to /home/Frillion/.config/discord/0.0.42/modules/pending/discord_game_utils-1.zip: 82%
2024-02-05T16:05:20.845Z [Modules] Streaming discord_game_utils@1 to /home/Frillion/.config/discord/0.0.42/modules/pending/discord_game_utils-1.zip: 83%
2024-02-05T16:05:20.853Z [Modules] Streaming discord_game_utils@1 to /home/Frillion/.config/discord/0.0.42/modules/pending/discord_game_utils-1.zip: 84%
2024-02-05T16:05:20.855Z [Modules] Streaming discord_game_utils@1 to /home/Frillion/.config/discord/0.0.42/modules/pending/discord_game_utils-1.zip: 87%
2024-02-05T16:05:20.860Z [Modules] Streaming discord_game_utils@1 to /home/Frillion/.config/discord/0.0.42/modules/pending/discord_game_utils-1.zip: 89%
2024-02-05T16:05:20.864Z [Modules] Streaming discord_game_utils@1 to /home/Frillion/.config/discord/0.0.42/modules/pending/discord_game_utils-1.zip: 91%
2024-02-05T16:05:20.868Z [Modules] Streaming discord_game_utils@1 to /home/Frillion/.config/discord/0.0.42/modules/pending/discord_game_utils-1.zip: 93%
2024-02-05T16:05:20.872Z [Modules] Streaming discord_game_utils@1 to /home/Frillion/.config/discord/0.0.42/modules/pending/discord_game_utils-1.zip: 95%
2024-02-05T16:05:20.875Z [Modules] Streaming discord_game_utils@1 to /home/Frillion/.config/discord/0.0.42/modules/pending/discord_game_utils-1.zip: 97%
2024-02-05T16:05:20.878Z [Modules] Streaming discord_game_utils@1 to /home/Frillion/.config/discord/0.0.42/modules/pending/discord_game_utils-1.zip: 99%
2024-02-05T16:05:20.879Z [Modules] Streaming discord_game_utils@1 to /home/Frillion/.config/discord/0.0.42/modules/pending/discord_game_utils-1.zip: 100%
2024-02-05T16:05:20.881Z [Modules] Fetching discord_rpc@1 from https://discord.com/api/modules/stable/discord_rpc/1
2024-02-05T16:05:20.882Z [Modules] Streaming discord_rpc@1 to /home/Frillion/.config/discord/0.0.42/modules/pending/discord_rpc-1.zip
2024-02-05T16:05:20.882Z [Modules] Installing discord_game_utils@1 from /home/Frillion/.config/discord/0.0.42/modules/pending/discord_game_utils-1.zip
2024-02-05T16:05:20.931Z [Modules] Finished module installations. [success: 1] [failure: 0]
2024-02-05T16:05:21.436Z [Modules] Streaming discord_rpc@1 to /home/Frillion/.config/discord/0.0.42/modules/pending/discord_rpc-1.zip: 100%
2024-02-05T16:05:21.438Z [Modules] Finished module downloads. [success: 3] [failure: 0]
2024-02-05T16:05:21.438Z [Modules] Installing discord_rpc@1 from /home/Frillion/.config/discord/0.0.42/modules/pending/discord_rpc-1.zip
2024-02-05T16:05:21.469Z [Modules] Finished module installations. [success: 1] [failure: 0]
